[05/Jul/2018 01:55:17] "GET /admin/ HTTP/1.1" 200 3637
[05/Jul/2018 01:55:20] "GET / HTTP/1.1" 302 0
[05/Jul/2018 01:55:20] "GET /memberhome HTTP/1.1" 200 2122
Not Found: /{$ static 'js/main.js' %}
[05/Jul/2018 01:55:20] "GET /%7B$%20static%20'js/main.js'%20%%7D HTTP/1.1" 404 2285
Not Found: /{$ static 'js/main.js' %}
[05/Jul/2018 01:55:20] "GET /%7B$%20static%20'js/main.js'%20%%7D HTTP/1.1" 404 2285
[05/Jul/2018 01:55:25] "GET /memberlogout HTTP/1.1" 302 0
[05/Jul/2018 01:55:25] "GET / HTTP/1.1" 200 2787
Not Found: /{$ static 'js/main.js' %}
[05/Jul/2018 01:55:25] "GET /%7B$%20static%20'js/main.js'%20%%7D HTTP/1.1" 404 2285
Not Found: /{$ static 'js/main.js' %}
[05/Jul/2018 01:55:25] "GET /%7B$%20static%20'js/main.js'%20%%7D HTTP/1.1" 404 2285
Invalid HTTP_HOST header: 'ip-172-31-94-191.ec2.internal:8000'. You may need to add 'ip-172-31-94-191.ec2.internal' to ALLOWED_HOSTS.
[05/Jul/2018 04:15:23] "HEAD / HTTP/1.0" 400 61493
Invalid HTTP_HOST header: 'ip-172-31-94-191.ec2.internal:8000'. You may need to add 'ip-172-31-94-191.ec2.internal' to ALLOWED_HOSTS.
[05/Jul/2018 06:31:48] "GET / HTTP/1.0" 400 61487
Invalid HTTP_HOST header: 'ip-172-31-94-191.ec2.internal:8000'. You may need to add 'ip-172-31-94-191.ec2.internal' to ALLOWED_HOSTS.
[05/Jul/2018 10:07:04] "HEAD / HTTP/1.0" 400 61493
Invalid HTTP_HOST header: 'ip-172-31-94-191.ec2.internal:8000'. You may need to add 'ip-172-31-94-191.ec2.internal' to ALLOWED_HOSTS.
[05/Jul/2018 10:07:07] "HEAD / HTTP/1.0" 400 61493
Invalid HTTP_HOST header: 'ip-172-31-94-191.ec2.internal:8000'. You may need to add 'ip-172-31-94-191.ec2.internal' to ALLOWED_HOSTS.
[05/Jul/2018 10:07:17] "HEAD / HTTP/1.0" 400 61493
Invalid HTTP_HOST header: 'ip-172-31-94-191.ec2.internal:8000'. You may need to add 'ip-172-31-94-191.ec2.internal' to ALLOWED_HOSTS.
[05/Jul/2018 16:21:52] "GET / HTTP/1.0" 400 61485
Traceback (most recent call last):
  File "/usr/lib64/python3.6/wsgiref/handlers.py", line 138, in run
    self.finish_response()
  File "/usr/lib64/python3.6/wsgiref/handlers.py", line 180, in finish_response
    self.write(data)
  File "/usr/lib64/python3.6/wsgiref/handlers.py", line 279, in write
    self._write(data)
  File "/usr/lib64/python3.6/wsgiref/handlers.py", line 453, in _write
    result = self.stdout.write(data)
  File "/usr/lib64/python3.6/socketserver.py", line 775, in write
    self._sock.sendall(b)
ConnectionResetError: [Errno 104] Connection reset by peer
[05/Jul/2018 16:21:52] "GET / HTTP/1.0" 500 59
----------------------------------------
Exception happened during processing of request from ('66.212.238.1', 46589)
Traceback (most recent call last):
  File "/usr/lib64/python3.6/wsgiref/handlers.py", line 138, in run
    self.finish_response()
  File "/usr/lib64/python3.6/wsgiref/handlers.py", line 180, in finish_response
    self.write(data)
  File "/usr/lib64/python3.6/wsgiref/handlers.py", line 279, in write
    self._write(data)
  File "/usr/lib64/python3.6/wsgiref/handlers.py", line 453, in _write
    result = self.stdout.write(data)
  File "/usr/lib64/python3.6/socketserver.py", line 775, in write
    self._sock.sendall(b)
ConnectionResetError: [Errno 104] Connection reset by peer

During handling of the above exception, another exception occurred:

Traceback (most recent call last):
  File "/usr/lib64/python3.6/wsgiref/handlers.py", line 141, in run
    self.handle_error()
  File "/home/ec2-user/UnClique/venv/local/lib64/python3.6/site-packages/django/core/servers/basehttp.py", line 86, in handle_error
    super().handle_error()
  File "/usr/lib64/python3.6/wsgiref/handlers.py", line 368, in handle_error
    self.finish_response()
  File "/usr/lib64/python3.6/wsgiref/handlers.py", line 180, in finish_response
    self.write(data)
  File "/usr/lib64/python3.6/wsgiref/handlers.py", line 274, in write
    self.send_headers()
  File "/usr/lib64/python3.6/wsgiref/handlers.py", line 331, in send_headers
    if not self.origin_server or self.client_is_modern():
  File "/usr/lib64/python3.6/wsgiref/handlers.py", line 344, in client_is_modern
    return self.environ['SERVER_PROTOCOL'].upper() != 'HTTP/0.9'
TypeError: 'NoneType' object is not subscriptable

During handling of the above exception, another exception occurred:

Traceback (most recent call last):
  File "/usr/lib64/python3.6/socketserver.py", line 639, in process_request_thread
    self.finish_request(request, client_address)
  File "/usr/lib64/python3.6/socketserver.py", line 361, in finish_request
    self.RequestHandlerClass(request, client_address, self)
  File "/usr/lib64/python3.6/socketserver.py", line 696, in __init__
    self.handle()
  File "/home/ec2-user/UnClique/venv/local/lib64/python3.6/site-packages/django/core/servers/basehttp.py", line 154, in handle
    handler.run(self.server.get_app())
  File "/usr/lib64/python3.6/wsgiref/handlers.py", line 144, in run
    self.close()
  File "/usr/lib64/python3.6/wsgiref/simple_server.py", line 35, in close
    self.status.split(' ',1)[0], self.bytes_sent
AttributeError: 'NoneType' object has no attribute 'split'
----------------------------------------
Invalid HTTP_HOST header: 'ip-172-31-94-191.ec2.internal:8000'. You may need to add 'ip-172-31-94-191.ec2.internal' to ALLOWED_HOSTS.
[05/Jul/2018 16:30:38] "HEAD / HTTP/1.0" 400 61494
Invalid HTTP_HOST header: 'ip-172-31-94-191.ec2.internal:8000'. You may need to add 'ip-172-31-94-191.ec2.internal' to ALLOWED_HOSTS.
[05/Jul/2018 18:27:18] "HEAD / HTTP/1.0" 400 61494
Invalid HTTP_HOST header: 'ip-172-31-94-191.ec2.internal:8000'. You may need to add 'ip-172-31-94-191.ec2.internal' to ALLOWED_HOSTS.
[05/Jul/2018 23:13:16] "GET / HTTP/1.0" 400 61487
Traceback (most recent call last):
  File "/usr/lib64/python3.6/wsgiref/handlers.py", line 138, in run
    self.finish_response()
  File "/usr/lib64/python3.6/wsgiref/handlers.py", line 180, in finish_response
    self.write(data)
  File "/usr/lib64/python3.6/wsgiref/handlers.py", line 279, in write
    self._write(data)
  File "/usr/lib64/python3.6/wsgiref/handlers.py", line 453, in _write
    result = self.stdout.write(data)
  File "/usr/lib64/python3.6/socketserver.py", line 775, in write
    self._sock.sendall(b)
ConnectionResetError: [Errno 104] Connection reset by peer
[05/Jul/2018 23:13:16] "GET / HTTP/1.0" 500 59
----------------------------------------
Exception happened during processing of request from ('78.181.147.222', 44833)
Traceback (most recent call last):
  File "/usr/lib64/python3.6/wsgiref/handlers.py", line 138, in run
    self.finish_response()
  File "/usr/lib64/python3.6/wsgiref/handlers.py", line 180, in finish_response
    self.write(data)
  File "/usr/lib64/python3.6/wsgiref/handlers.py", line 279, in write
    self._write(data)
  File "/usr/lib64/python3.6/wsgiref/handlers.py", line 453, in _write
    result = self.stdout.write(data)
  File "/usr/lib64/python3.6/socketserver.py", line 775, in write
    self._sock.sendall(b)
ConnectionResetError: [Errno 104] Connection reset by peer

During handling of the above exception, another exception occurred:

Traceback (most recent call last):
  File "/usr/lib64/python3.6/wsgiref/handlers.py", line 141, in run
    self.handle_error()
  File "/home/ec2-user/UnClique/venv/local/lib64/python3.6/site-packages/django/core/servers/basehttp.py", line 86, in handle_error
    super().handle_error()
  File "/usr/lib64/python3.6/wsgiref/handlers.py", line 368, in handle_error
    self.finish_response()
  File "/usr/lib64/python3.6/wsgiref/handlers.py", line 180, in finish_response
    self.write(data)
  File "/usr/lib64/python3.6/wsgiref/handlers.py", line 274, in write
    self.send_headers()
  File "/usr/lib64/python3.6/wsgiref/handlers.py", line 331, in send_headers
    if not self.origin_server or self.client_is_modern():
  File "/usr/lib64/python3.6/wsgiref/handlers.py", line 344, in client_is_modern
    return self.environ['SERVER_PROTOCOL'].upper() != 'HTTP/0.9'
TypeError: 'NoneType' object is not subscriptable

During handling of the above exception, another exception occurred:

Traceback (most recent call last):
  File "/usr/lib64/python3.6/socketserver.py", line 639, in process_request_thread
    self.finish_request(request, client_address)
  File "/usr/lib64/python3.6/socketserver.py", line 361, in finish_request
    self.RequestHandlerClass(request, client_address, self)
  File "/usr/lib64/python3.6/socketserver.py", line 696, in __init__
    self.handle()
  File "/home/ec2-user/UnClique/venv/local/lib64/python3.6/site-packages/django/core/servers/basehttp.py", line 154, in handle
    handler.run(self.server.get_app())
  File "/usr/lib64/python3.6/wsgiref/handlers.py", line 144, in run
    self.close()
  File "/usr/lib64/python3.6/wsgiref/simple_server.py", line 35, in close
    self.status.split(' ',1)[0], self.bytes_sent
AttributeError: 'NoneType' object has no attribute 'split'
----------------------------------------
Invalid HTTP_HOST header: 'ec2-54-172-211-18.compute-1.amazonaws.com'. You may need to add 'ec2-54-172-211-18.compute-1.amazonaws.com' to ALLOWED_HOSTS.
[06/Jul/2018 00:40:18] "GET / HTTP/1.1" 400 61779
Invalid HTTP_HOST header: 'ip-172-31-94-191.ec2.internal:8000'. You may need to add 'ip-172-31-94-191.ec2.internal' to ALLOWED_HOSTS.
[06/Jul/2018 01:20:38] "HEAD / HTTP/1.0" 400 61493
Invalid HTTP_HOST header: 'ip-172-31-94-191.ec2.internal:8000'. You may need to add 'ip-172-31-94-191.ec2.internal' to ALLOWED_HOSTS.
[06/Jul/2018 03:35:55] "HEAD / HTTP/1.0" 400 61492
Invalid HTTP_HOST header: 'ip-172-31-94-191.ec2.internal:8000'. You may need to add 'ip-172-31-94-191.ec2.internal' to ALLOWED_HOSTS.
[06/Jul/2018 08:03:06] "HEAD / HTTP/1.0" 400 61494
Invalid HTTP_HOST header: 'ip-172-31-94-191.ec2.internal:8000'. You may need to add 'ip-172-31-94-191.ec2.internal' to ALLOWED_HOSTS.
[06/Jul/2018 08:29:46] "HEAD / HTTP/1.0" 400 61494
Unhandled exception in thread started by <function check_errors.<locals>.wrapper at 0x7faed5185378>
Traceback (most recent call last):
  File "/home/ec2-user/UnClique/venv/local/lib64/python3.6/site-packages/django/db/backends/base/base.py", line 216, in ensure_connection
    self.connect()
  File "/home/ec2-user/UnClique/venv/local/lib64/python3.6/site-packages/django/db/backends/base/base.py", line 194, in connect
    self.connection = self.get_new_connection(conn_params)
  File "/home/ec2-user/UnClique/venv/local/lib64/python3.6/site-packages/django/db/backends/mysql/base.py", line 236, in get_new_connection
    return Database.connect(**conn_params)
  File "/home/ec2-user/UnClique/venv/local/lib64/python3.6/site-packages/MySQLdb/__init__.py", line 86, in Connect
    return Connection(*args, **kwargs)
  File "/home/ec2-user/UnClique/venv/local/lib64/python3.6/site-packages/MySQLdb/connections.py", line 204, in __init__
    super(Connection, self).__init__(*args, **kwargs2)
_mysql_exceptions.OperationalError: (2002, "Can't connect to local MySQL server through socket '/var/lib/mysql/mysql.sock' (2)")

The above exception was the direct cause of the following exception:

Traceback (most recent call last):
  File "/home/ec2-user/UnClique/venv/local/lib64/python3.6/site-packages/django/utils/autoreload.py", line 225, in wrapper
    fn(*args, **kwargs)
  File "/home/ec2-user/UnClique/venv/local/lib64/python3.6/site-packages/django/core/management/commands/runserver.py", line 120, in inner_run
    self.check(display_num_errors=True)
  File "/home/ec2-user/UnClique/venv/local/lib64/python3.6/site-packages/django/core/management/base.py", line 364, in check
    include_deployment_checks=include_deployment_checks,
  File "/home/ec2-user/UnClique/venv/local/lib64/python3.6/site-packages/django/core/management/base.py", line 351, in _run_checks
    return checks.run_checks(**kwargs)
  File "/home/ec2-user/UnClique/venv/local/lib64/python3.6/site-packages/django/core/checks/registry.py", line 73, in run_checks
    new_errors = check(app_configs=app_configs)
  File "/home/ec2-user/UnClique/venv/local/lib64/python3.6/site-packages/django/core/checks/model_checks.py", line 27, in check_all_models
    errors.extend(model.check(**kwargs))
  File "/home/ec2-user/UnClique/venv/local/lib64/python3.6/site-packages/django/db/models/base.py", line 1200, in check
    errors.extend(cls._check_fields(**kwargs))
  File "/home/ec2-user/UnClique/venv/local/lib64/python3.6/site-packages/django/db/models/base.py", line 1272, in _check_fields
    errors.extend(field.check(**kwargs))
  File "/home/ec2-user/UnClique/venv/local/lib64/python3.6/site-packages/django/db/models/fields/__init__.py", line 894, in check
    errors = super().check(**kwargs)
  File "/home/ec2-user/UnClique/venv/local/lib64/python3.6/site-packages/django/db/models/fields/__init__.py", line 206, in check
    errors.extend(self._check_backend_specific_checks(**kwargs))
  File "/home/ec2-user/UnClique/venv/local/lib64/python3.6/site-packages/django/db/models/fields/__init__.py", line 303, in _check_backend_specific_checks
    return connections[db].validation.check_field(self, **kwargs)
  File "/home/ec2-user/UnClique/venv/local/lib64/python3.6/site-packages/django/db/backends/base/validation.py", line 21, in check_field
    field_type = field.db_type(self.connection)
  File "/home/ec2-user/UnClique/venv/local/lib64/python3.6/site-packages/django/db/models/fields/__init__.py", line 648, in db_type
    return connection.data_types[self.get_internal_type()] % data
  File "/home/ec2-user/UnClique/venv/local/lib64/python3.6/site-packages/django/utils/functional.py", line 36, in __get__
    res = instance.__dict__[self.name] = self.func(instance)
  File "/home/ec2-user/UnClique/venv/local/lib64/python3.6/site-packages/django/db/backends/mysql/base.py", line 133, in data_types
    if self.features.supports_microsecond_precision:
  File "/home/ec2-user/UnClique/venv/local/lib64/python3.6/site-packages/django/utils/functional.py", line 36, in __get__
    res = instance.__dict__[self.name] = self.func(instance)
  File "/home/ec2-user/UnClique/venv/local/lib64/python3.6/site-packages/django/db/backends/mysql/features.py", line 65, in supports_microsecond_precision
    return self.connection.mysql_version >= (5, 6, 4)
  File "/home/ec2-user/UnClique/venv/local/lib64/python3.6/site-packages/django/utils/functional.py", line 36, in __get__
    res = instance.__dict__[self.name] = self.func(instance)
  File "/home/ec2-user/UnClique/venv/local/lib64/python3.6/site-packages/django/db/backends/mysql/base.py", line 345, in mysql_version
    with self.temporary_connection() as cursor:
  File "/usr/lib64/python3.6/contextlib.py", line 81, in __enter__
    return next(self.gen)
  File "/home/ec2-user/UnClique/venv/local/lib64/python3.6/site-packages/django/db/backends/base/base.py", line 576, in temporary_connection
    cursor = self.cursor()
  File "/home/ec2-user/UnClique/venv/local/lib64/python3.6/site-packages/django/db/backends/base/base.py", line 255, in cursor
    return self._cursor()
  File "/home/ec2-user/UnClique/venv/local/lib64/python3.6/site-packages/django/db/backends/base/base.py", line 232, in _cursor
    self.ensure_connection()
  File "/home/ec2-user/UnClique/venv/local/lib64/python3.6/site-packages/django/db/backends/base/base.py", line 216, in ensure_connection
    self.connect()
  File "/home/ec2-user/UnClique/venv/local/lib64/python3.6/site-packages/django/db/utils.py", line 89, in __exit__
    raise dj_exc_value.with_traceback(traceback) from exc_value
  File "/home/ec2-user/UnClique/venv/local/lib64/python3.6/site-packages/django/db/backends/base/base.py", line 216, in ensure_connection
    self.connect()
  File "/home/ec2-user/UnClique/venv/local/lib64/python3.6/site-packages/django/db/backends/base/base.py", line 194, in connect
    self.connection = self.get_new_connection(conn_params)
  File "/home/ec2-user/UnClique/venv/local/lib64/python3.6/site-packages/django/db/backends/mysql/base.py", line 236, in get_new_connection
    return Database.connect(**conn_params)
  File "/home/ec2-user/UnClique/venv/local/lib64/python3.6/site-packages/MySQLdb/__init__.py", line 86, in Connect
    return Connection(*args, **kwargs)
  File "/home/ec2-user/UnClique/venv/local/lib64/python3.6/site-packages/MySQLdb/connections.py", line 204, in __init__
    super(Connection, self).__init__(*args, **kwargs2)
django.db.utils.OperationalError: (2002, "Can't connect to local MySQL server through socket '/var/lib/mysql/mysql.sock' (2)")
Performing system checks...

Traceback (most recent call last):
  File "manage.py", line 15, in <module>
    execute_from_command_line(sys.argv)
  File "/home/ec2-user/UnClique/venv/local/lib64/python3.6/site-packages/django/core/management/__init__.py", line 371, in execute_from_command_line
    utility.execute()
  File "/home/ec2-user/UnClique/venv/local/lib64/python3.6/site-packages/django/core/management/__init__.py", line 317, in execute
    settings.INSTALLED_APPS
  File "/home/ec2-user/UnClique/venv/local/lib64/python3.6/site-packages/django/conf/__init__.py", line 56, in __getattr__
    self._setup(name)
  File "/home/ec2-user/UnClique/venv/local/lib64/python3.6/site-packages/django/conf/__init__.py", line 43, in _setup
    self._wrapped = Settings(settings_module)
  File "/home/ec2-user/UnClique/venv/local/lib64/python3.6/site-packages/django/conf/__init__.py", line 106, in __init__
    mod = importlib.import_module(self.SETTINGS_MODULE)
  File "/home/ec2-user/UnClique/venv/lib64/python3.6/importlib/__init__.py", line 126, in import_module
    return _bootstrap._gcd_import(name[level:], package, level)
  File "<frozen importlib._bootstrap>", line 994, in _gcd_import
  File "<frozen importlib._bootstrap>", line 971, in _find_and_load
  File "<frozen importlib._bootstrap>", line 955, in _find_and_load_unlocked
  File "<frozen importlib._bootstrap>", line 665, in _load_unlocked
  File "<frozen importlib._bootstrap_external>", line 674, in exec_module
  File "<frozen importlib._bootstrap_external>", line 781, in get_code
  File "<frozen importlib._bootstrap_external>", line 741, in source_to_code
  File "<frozen importlib._bootstrap>", line 219, in _call_with_frames_removed
  File "/home/ec2-user/UnClique/UnClique/UnClique/settings.py", line 28
    ALLOWED_HOSTS = ['54.172.211.18', *]
                                       ^
SyntaxError: invalid syntax
[08/Jul/2018 23:05:31] "GET / HTTP/1.1" 200 2787
[08/Jul/2018 23:05:31] "GET /static/css/main.css HTTP/1.1" 200 204
[08/Jul/2018 23:05:31] "GET /static/css/bootstrap-theme.min.css HTTP/1.1" 200 19835
[08/Jul/2018 23:05:31] "GET /static/js/vendor/modernizr-2.8.3-respond-1.4.2.min.js HTTP/1.1" 200 20106
Not Found: /{$ static 'js/main.js' %}
[08/Jul/2018 23:05:31] "GET /%7B$%20static%20'js/main.js'%20%%7D HTTP/1.1" 404 2285
[08/Jul/2018 23:05:31] "GET /static/css/bootstrap.min.css HTTP/1.1" 200 113498
[08/Jul/2018 23:05:31] "GET /static/js/vendor/bootstrap.min.js HTTP/1.1" 200 35601
Not Found: /{$ static 'js/main.js' %}
[08/Jul/2018 23:05:31] "GET /%7B$%20static%20'js/main.js'%20%%7D HTTP/1.1" 404 2285
Not Found: /favicon.ico
[08/Jul/2018 23:05:32] "GET /favicon.ico HTTP/1.1" 404 2207
[08/Jul/2018 23:05:46] "GET / HTTP/1.1" 200 2787
Not Found: /{$ static 'js/main.js' %}
[08/Jul/2018 23:05:46] "GET /%7B$%20static%20'js/main.js'%20%%7D HTTP/1.1" 404 2285
Not Found: /{$ static 'js/main.js' %}
[08/Jul/2018 23:05:46] "GET /%7B$%20static%20'js/main.js'%20%%7D HTTP/1.1" 404 2285
[08/Jul/2018 23:05:47] "GET / HTTP/1.1" 200 2787
Not Found: /{$ static 'js/main.js' %}
[08/Jul/2018 23:05:47] "GET /%7B$%20static%20'js/main.js'%20%%7D HTTP/1.1" 404 2285
Not Found: /{$ static 'js/main.js' %}
[08/Jul/2018 23:05:48] "GET /%7B$%20static%20'js/main.js'%20%%7D HTTP/1.1" 404 2285
[09/Jul/2018 00:13:14] "HEAD / HTTP/1.0" 200 2787
[09/Jul/2018 02:09:37] "GET / HTTP/1.0" 200 2787
[09/Jul/2018 11:02:59] "HEAD / HTTP/1.0" 200 2787
[09/Jul/2018 16:30:54] "HEAD / HTTP/1.0" 200 2787
[09/Jul/2018 21:20:17] "GET / HTTP/1.0" 200 2787
[09/Jul/2018 22:18:42] "HEAD / HTTP/1.0" 200 2787
----------------------------------------
Exception happened during processing of request from ('193.226.167.206', 50751)
Traceback (most recent call last):
  File "/usr/lib64/python3.6/socketserver.py", line 639, in process_request_thread
    self.finish_request(request, client_address)
  File "/usr/lib64/python3.6/socketserver.py", line 361, in finish_request
    self.RequestHandlerClass(request, client_address, self)
  File "/usr/lib64/python3.6/socketserver.py", line 696, in __init__
    self.handle()
  File "/home/ec2-user/UnClique/venv/local/lib64/python3.6/site-packages/django/core/servers/basehttp.py", line 139, in handle
    self.raw_requestline = self.rfile.readline(65537)
  File "/usr/lib64/python3.6/socket.py", line 586, in readinto
    return self._sock.recv_into(b)
ConnectionResetError: [Errno 104] Connection reset by peer
----------------------------------------
[10/Jul/2018 04:22:41] "HEAD / HTTP/1.0" 200 2787
[10/Jul/2018 14:16:08] "GET / HTTP/1.0" 200 2787
[10/Jul/2018 20:38:49] "HEAD / HTTP/1.0" 200 2787
[10/Jul/2018 21:02:17] "GET / HTTP/1.1" 200 2787
Not Found: /favicon.ico
[10/Jul/2018 21:02:19] "GET /favicon.ico HTTP/1.1" 404 2207
[10/Jul/2018 21:30:37] "GET / HTTP/1.1" 200 2787
[11/Jul/2018 00:47:12] "HEAD / HTTP/1.0" 200 2787
[11/Jul/2018 10:51:06] "HEAD / HTTP/1.0" 200 2787
[11/Jul/2018 12:07:38] "GET / HTTP/1.1" 200 2787
[11/Jul/2018 12:16:47] "HEAD / HTTP/1.0" 200 2787
[11/Jul/2018 14:19:49] "HEAD / HTTP/1.0" 200 2787
[11/Jul/2018 14:29:41] "HEAD / HTTP/1.0" 200 2787
[11/Jul/2018 15:22:49] "HEAD / HTTP/1.0" 200 2787
[11/Jul/2018 16:35:07] "HEAD / HTTP/1.0" 200 2787
[11/Jul/2018 17:02:16] code 400, message Bad HTTP/0.9 request type ('\x03\x00\x00/*à\x00\x00\x00\x00\x00Cookie:')
[11/Jul/2018 17:02:16] "  /*à     Cookie: mstshash=Administr" 400 -
[12/Jul/2018 10:00:14] "HEAD / HTTP/1.0" 200 2787
[12/Jul/2018 12:24:34] "HEAD / HTTP/1.0" 200 2787
[12/Jul/2018 14:32:32] "GET / HTTP/1.0" 200 2787
[12/Jul/2018 19:12:33] code 400, message Bad request syntax ('\x00\x00\x00TZ\x00\x00\x00\x00\x00\x00\x00\x00\x01\x00\x00\x04\x010I\x00\x00\x00\x00\x80\x0b¨À\x00\x0c)t F\x07\x00tsXrcsXYs9\x00\x00\x00\x00\x00\x00\x00\x00\x00\x00\x00\x00\x00\x00\x00\x00\x00\x00\x00\x00\x00\x00bbXcsXctst\x00\x00\x00\x00\x00\x00')
[12/Jul/2018 19:12:33] "   TZ          0I    ¨À )t F tsXrcsXYs9                      bbXcsXctst      " 400 -
[12/Jul/2018 19:29:49] "HEAD / HTTP/1.0" 200 2787
[12/Jul/2018 22:59:00] "GET / HTTP/1.0" 200 2787
[12/Jul/2018 23:35:45] "HEAD / HTTP/1.0" 200 2787
[12/Jul/2018 23:39:52] "GET / HTTP/1.0" 200 2787
[13/Jul/2018 00:10:16] "GET / HTTP/1.1" 200 2787
[13/Jul/2018 00:20:58] "HEAD / HTTP/1.0" 200 2787
[13/Jul/2018 02:11:41] code 400, message Bad HTTP/0.9 request type ('\x03\x00\x00/*à\x00\x00\x00\x00\x00Cookie:')
[13/Jul/2018 02:11:41] "  /*à     Cookie: mstshash=Administr" 400 -
[13/Jul/2018 08:26:40] "HEAD / HTTP/1.0" 200 2787
[13/Jul/2018 20:02:30] "HEAD / HTTP/1.0" 200 2787
[13/Jul/2018 21:22:32] "GET / HTTP/1.1" 200 2787
[14/Jul/2018 01:17:22] "GET / HTTP/1.0" 200 2787
[14/Jul/2018 03:45:55] "HEAD / HTTP/1.0" 200 2787
[14/Jul/2018 06:29:29] "GET / HTTP/1.0" 200 2787
[14/Jul/2018 08:51:35] "HEAD / HTTP/1.0" 200 2787
[14/Jul/2018 12:18:16] "HEAD / HTTP/1.0" 200 2787
[14/Jul/2018 12:30:47] "GET / HTTP/1.1" 200 2787
[14/Jul/2018 13:25:01] "HEAD / HTTP/1.0" 200 2787
[14/Jul/2018 18:08:36] "HEAD / HTTP/1.0" 200 2787
[15/Jul/2018 00:27:50] "HEAD / HTTP/1.0" 200 2787
[15/Jul/2018 08:46:16] "HEAD / HTTP/1.0" 200 2787
[15/Jul/2018 15:54:45] "GET / HTTP/1.0" 200 2787
----------------------------------------
Exception happened during processing of request from ('185.92.73.26', 7828)
Traceback (most recent call last):
  File "/usr/lib64/python3.6/socketserver.py", line 639, in process_request_thread
    self.finish_request(request, client_address)
  File "/usr/lib64/python3.6/socketserver.py", line 361, in finish_request
    self.RequestHandlerClass(request, client_address, self)
  File "/usr/lib64/python3.6/socketserver.py", line 696, in __init__
    self.handle()
  File "/home/ec2-user/UnClique/venv/local/lib64/python3.6/site-packages/django/core/servers/basehttp.py", line 139, in handle
    self.raw_requestline = self.rfile.readline(65537)
  File "/usr/lib64/python3.6/socket.py", line 586, in readinto
    return self._sock.recv_into(b)
ConnectionResetError: [Errno 104] Connection reset by peer
----------------------------------------
[15/Jul/2018 18:01:35] code 400, message Bad HTTP/0.9 request type ('\x03\x00\x00*%à\x00\x00\x00\x00\x00Cookie:')
[15/Jul/2018 18:01:35] "  *%à     Cookie: mstshash=Test" 400 -
[15/Jul/2018 18:01:35] code 400, message Bad HTTP/0.9 request type ('\x03\x00\x00*%à\x00\x00\x00\x00\x00Cookie:')
[15/Jul/2018 18:01:35] "  *%à     Cookie: mstshash=Test" 400 -
[16/Jul/2018 04:11:45] code 400, message Bad request syntax ('\x00\x00\x00TZ\x00\x00\x00\x00\x00\x00\x00\x00\x01\x00\x00\x04\x010I\x00\x00\x00\x00\x80\x0b¨À\x00\x0c)t F\x07\x00tsXrcsXYs9\x00\x00\x00\x00\x00\x00\x00\x00\x00\x00\x00\x00\x00\x00\x00\x00\x00\x00\x00\x00\x00\x00bbXcsXctst\x00\x00\x00\x00\x00\x00')
[16/Jul/2018 04:11:45] "   TZ          0I    ¨À )t F tsXrcsXYs9                      bbXcsXctst      " 400 -
[16/Jul/2018 06:53:16] "HEAD / HTTP/1.0" 200 2787
[16/Jul/2018 10:38:53] "GET / HTTP/1.0" 200 2787
[16/Jul/2018 11:32:05] code 400, message Bad request syntax ('\x00\x00\x00TZ\x00\x00\x00\x00\x00\x00\x00\x00\x01\x00\x00\x04\x010I\x00\x00\x00\x00\x80\x0b¨À\x00\x0c)t F\x07\x00tsXrcsXYs9\x00\x00\x00\x00\x00\x00\x00\x00\x00\x00\x00\x00\x00\x00\x00\x00\x00\x00\x00\x00\x00\x00bbXcsXctst\x00\x00\x00\x00\x00\x00')
[16/Jul/2018 11:32:05] "   TZ          0I    ¨À )t F tsXrcsXYs9                      bbXcsXctst      " 400 -
[16/Jul/2018 20:07:21] "HEAD / HTTP/1.0" 200 2787
[17/Jul/2018 01:15:47] "HEAD / HTTP/1.0" 200 2787
[17/Jul/2018 13:07:58] "GET / HTTP/1.1" 200 2787
[17/Jul/2018 13:08:00] "GET / HTTP/1.1" 200 2787
[17/Jul/2018 13:08:01] "GET / HTTP/1.1" 200 2787
[17/Jul/2018 16:34:08] "HEAD / HTTP/1.0" 200 2787
[17/Jul/2018 20:06:42] "GET / HTTP/1.1" 200 2787
[17/Jul/2018 20:07:37] "HEAD / HTTP/1.0" 200 2787
[18/Jul/2018 01:02:29] "GET / HTTP/1.1" 200 2787
[18/Jul/2018 04:48:28] "HEAD / HTTP/1.0" 200 2787
[18/Jul/2018 05:32:00] code 400, message Bad request syntax ('\x00\x00\x00TZ\x00\x00\x00\x00\x00\x00\x00\x00\x01\x00\x00\x04\x010I\x00\x00\x00\x00\x80\x0b¨À\x00\x0c)t F\x07\x00tsXrcsXYs9\x00\x00\x00\x00\x00\x00\x00\x00\x00\x00\x00\x00\x00\x00\x00\x00\x00\x00\x00\x00\x00\x00bbXcsXctst\x00\x00\x00\x00\x00\x00')
[18/Jul/2018 05:32:00] "   TZ          0I    ¨À )t F tsXrcsXYs9                      bbXcsXctst      " 400 -
[18/Jul/2018 06:18:06] code 400, message Bad HTTP/0.9 request type ('\x00\x00\x00')
[18/Jul/2018 06:18:06] "    c                           " 400 -
[18/Jul/2018 12:28:40] code 400, message Bad request syntax ('\x00\x00\x00TZ\x00\x00\x00\x00\x00\x00\x00\x00\x01\x00\x00\x04\x010I\x00\x00\x00\x00\x80\x0b¨À\x00\x0c)t F\x07\x00tsXrcsXYs9\x00\x00\x00\x00\x00\x00\x00\x00\x00\x00\x00\x00\x00\x00\x00\x00\x00\x00\x00\x00\x00\x00bbXcsXctst\x00\x00\x00\x00\x00\x00')
[18/Jul/2018 12:28:40] "   TZ          0I    ¨À )t F tsXrcsXYs9                      bbXcsXctst      " 400 -
Forbidden (CSRF cookie not set.): /
[18/Jul/2018 13:30:05] "POST / HTTP/1.0" 403 2868
[18/Jul/2018 20:45:37] "GET / HTTP/1.0" 200 2787
[18/Jul/2018 23:05:02] "HEAD / HTTP/1.0" 200 2787
[19/Jul/2018 00:40:10] "HEAD / HTTP/1.0" 200 2787
[19/Jul/2018 07:52:54] "HEAD / HTTP/1.0" 200 2787
[19/Jul/2018 11:02:30] "HEAD / HTTP/1.0" 200 2787
----------------------------------------
Exception happened during processing of request from ('5.188.10.146', 8573)
Traceback (most recent call last):
  File "/usr/lib64/python3.6/socketserver.py", line 639, in process_request_thread
    self.finish_request(request, client_address)
  File "/usr/lib64/python3.6/socketserver.py", line 361, in finish_request
    self.RequestHandlerClass(request, client_address, self)
  File "/usr/lib64/python3.6/socketserver.py", line 696, in __init__
    self.handle()
  File "/home/ec2-user/UnClique/venv/local/lib64/python3.6/site-packages/django/core/servers/basehttp.py", line 139, in handle
    self.raw_requestline = self.rfile.readline(65537)
  File "/usr/lib64/python3.6/socket.py", line 586, in readinto
    return self._sock.recv_into(b)
ConnectionResetError: [Errno 104] Connection reset by peer
----------------------------------------
[19/Jul/2018 18:08:21] code 400, message Bad HTTP/0.9 request type ('\x03\x00\x00*%à\x00\x00\x00\x00\x00Cookie:')
[19/Jul/2018 18:08:21] "  *%à     Cookie: mstshash=Test" 400 -
[19/Jul/2018 18:08:21] code 400, message Bad HTTP/0.9 request type ('\x03\x00\x00*%à\x00\x00\x00\x00\x00Cookie:')
[19/Jul/2018 18:08:21] "  *%à     Cookie: mstshash=Test" 400 -
[19/Jul/2018 20:13:52] "HEAD / HTTP/1.0" 200 2787
[20/Jul/2018 03:27:24] "HEAD / HTTP/1.0" 200 2787
[20/Jul/2018 05:46:19] "GET / HTTP/1.1" 200 2787
[20/Jul/2018 09:41:58] code 400, message Bad request version ('\x00\x9eÀ(À$À\x14À')
[20/Jul/2018 09:41:58] You're accessing the development server over HTTPS, but it only supports HTTP.

[20/Jul/2018 11:36:06] "HEAD / HTTP/1.0" 200 2787
[20/Jul/2018 18:36:52] "HEAD / HTTP/1.0" 200 2787
[20/Jul/2018 20:01:21] "GET / HTTP/1.1" 200 2787
[21/Jul/2018 08:05:52] "GET / HTTP/1.0" 200 2787
[21/Jul/2018 08:46:29] "GET / HTTP/1.0" 200 2787
[21/Jul/2018 11:40:37] "GET / HTTP/1.0" 200 2787
[21/Jul/2018 15:14:19] "HEAD / HTTP/1.0" 200 2787
[21/Jul/2018 16:29:25] "HEAD / HTTP/1.0" 200 2787
[21/Jul/2018 17:48:39] "HEAD / HTTP/1.0" 200 2787
[22/Jul/2018 00:54:25] "HEAD / HTTP/1.0" 200 2787
[22/Jul/2018 03:42:08] "GET / HTTP/1.1" 200 2787
[22/Jul/2018 06:21:11] "GET / HTTP/1.1" 200 2787
[22/Jul/2018 07:13:38] code 400, message Bad HTTP/0.9 request type ('\x03\x00\x00+&à\x00\x00\x00\x00\x00Cookie:')
[22/Jul/2018 07:13:38] "  +&à     Cookie: mstshash=hello" 400 -
[22/Jul/2018 14:00:35] "GET / HTTP/1.0" 200 2787
[23/Jul/2018 18:08:05] code 400, message Bad HTTP/0.9 request type ('\x00\x00\x00')
[23/Jul/2018 18:08:05] "    c                           " 400 -
[23/Jul/2018 21:37:46] "GET / HTTP/1.0" 200 2787
[24/Jul/2018 00:39:52] "HEAD / HTTP/1.0" 200 2787
[24/Jul/2018 09:58:01] "GET / HTTP/1.0" 200 2787
[24/Jul/2018 14:26:15] "GET / HTTP/1.1" 200 2787
[24/Jul/2018 17:06:28] "GET / HTTP/1.0" 200 2787
Not Found: /cgi/webcgi
[24/Jul/2018 22:02:35] "GET /cgi/webcgi HTTP/1.1" 404 2204
[24/Jul/2018 22:02:38] code 400, message Bad request version ('\x10\x00\x00<À,À')
[24/Jul/2018 22:02:38] You're accessing the development server over HTTPS, but it only supports HTTP.

[24/Jul/2018 23:31:47] "GET / HTTP/1.1" 200 2787
[26/Jul/2018 01:28:07] "GET / HTTP/1.1" 200 2787
[26/Jul/2018 01:28:08] "GET /static/css/bootstrap-theme.min.css HTTP/1.1" 200 19835
[26/Jul/2018 01:28:08] "GET /static/css/main.css HTTP/1.1" 200 204
[26/Jul/2018 01:28:08] "GET /static/js/vendor/modernizr-2.8.3-respond-1.4.2.min.js HTTP/1.1" 200 20106
Not Found: /{$ static 'js/main.js' %}
[26/Jul/2018 01:28:08] "GET /%7B$%20static%20'js/main.js'%20%%7D HTTP/1.1" 404 2285
[26/Jul/2018 01:28:08] "GET /static/js/vendor/bootstrap.min.js HTTP/1.1" 200 35601
[26/Jul/2018 01:28:08] "GET /static/css/bootstrap.min.css HTTP/1.1" 200 113498
Not Found: /{$ static 'js/main.js' %}
[26/Jul/2018 01:28:09] "GET /%7B$%20static%20'js/main.js'%20%%7D HTTP/1.1" 404 2285
Not Found: /favicon.ico
[26/Jul/2018 01:28:09] "GET /favicon.ico HTTP/1.1" 404 2207
[26/Jul/2018 01:28:24] "GET /%7B$%%20url%20'members:member_login'%20%%7D HTTP/1.1" 200 2457
Not Found: /{$ static 'js/main.js' %}
[26/Jul/2018 01:28:24] "GET /%7B$%20static%20'js/main.js'%20%%7D HTTP/1.1" 404 2285
[26/Jul/2018 01:28:52] "POST /memberlogin HTTP/1.1" 302 0
[26/Jul/2018 01:28:52] "GET /memberhome HTTP/1.1" 200 2122
Not Found: /{$ static 'js/main.js' %}
[26/Jul/2018 01:28:53] "GET /%7B$%20static%20'js/main.js'%20%%7D HTTP/1.1" 404 2285
[26/Jul/2018 01:29:04] "GET / HTTP/1.1" 302 0
[26/Jul/2018 01:29:04] "GET /memberhome HTTP/1.1" 200 2122
Not Found: /{$ static 'js/main.js' %}
[26/Jul/2018 01:29:04] "GET /%7B$%20static%20'js/main.js'%20%%7D HTTP/1.1" 404 2285
[26/Jul/2018 01:29:10] "GET /memberlogout HTTP/1.1" 302 0
[26/Jul/2018 01:29:10] "GET / HTTP/1.1" 200 2787
Not Found: /{$ static 'js/main.js' %}
[26/Jul/2018 01:29:11] "GET /%7B$%20static%20'js/main.js'%20%%7D HTTP/1.1" 404 2285
[26/Jul/2018 01:29:12] "GET /%7B$%%20url%20'members:member_signup'%20%%7D HTTP/1.1" 200 4419
Not Found: /{$ static 'js/main.js' %}
[26/Jul/2018 01:29:12] "GET /%7B$%20static%20'js/main.js'%20%%7D HTTP/1.1" 404 2285
[26/Jul/2018 01:30:31] "POST /%7B$%%20url%20'members:member_signup'%20%%7D HTTP/1.1" 302 0
[26/Jul/2018 01:30:31] "GET /memberhome HTTP/1.1" 200 2130
Not Found: /{$ static 'js/main.js' %}
[26/Jul/2018 01:30:31] "GET /%7B$%20static%20'js/main.js'%20%%7D HTTP/1.1" 404 2285
[26/Jul/2018 01:30:36] "GET /membersubscribe HTTP/1.1" 302 0
[26/Jul/2018 01:30:37] "GET /memberhome HTTP/1.1" 200 2139
Not Found: /{$ static 'js/main.js' %}
[26/Jul/2018 01:30:37] "GET /%7B$%20static%20'js/main.js'%20%%7D HTTP/1.1" 404 2285
[26/Jul/2018 01:36:22] "GET / HTTP/1.1" 200 2787
[26/Jul/2018 01:36:23] "GET /static/css/bootstrap-theme.min.css HTTP/1.1" 200 19835
[26/Jul/2018 01:36:23] "GET /static/css/main.css HTTP/1.1" 200 204
[26/Jul/2018 01:36:23] "GET /static/js/vendor/modernizr-2.8.3-respond-1.4.2.min.js HTTP/1.1" 200 20106
[26/Jul/2018 01:36:23] "GET /static/css/bootstrap.min.css HTTP/1.1" 200 113498
Not Found: /{$ static 'js/main.js' %}
[26/Jul/2018 01:36:23] "GET /%7B$%20static%20'js/main.js'%20%%7D HTTP/1.1" 404 2285
[26/Jul/2018 01:36:24] "GET /static/js/vendor/bootstrap.min.js HTTP/1.1" 200 35601
[26/Jul/2018 01:36:26] "GET / HTTP/1.1" 302 0
[26/Jul/2018 01:36:26] "GET /memberhome HTTP/1.1" 200 2139
Not Found: /{$ static 'js/main.js' %}
[26/Jul/2018 01:36:26] "GET /%7B$%20static%20'js/main.js'%20%%7D HTTP/1.1" 404 2285
[26/Jul/2018 01:36:28] "GET / HTTP/1.1" 200 2787
[26/Jul/2018 01:36:28] "GET /static/css/main.css HTTP/1.1" 200 204
[26/Jul/2018 01:36:28] "GET /static/css/bootstrap-theme.min.css HTTP/1.1" 200 19835
[26/Jul/2018 01:36:28] "GET /static/js/vendor/modernizr-2.8.3-respond-1.4.2.min.js HTTP/1.1" 200 20106
[26/Jul/2018 01:36:28] "GET /static/css/bootstrap.min.css HTTP/1.1" 200 113498
Not Found: /{$ static 'js/main.js' %}
[26/Jul/2018 01:36:28] "GET /%7B$%20static%20'js/main.js'%20%%7D HTTP/1.1" 404 2285
[26/Jul/2018 01:36:29] "GET /static/js/vendor/bootstrap.min.js HTTP/1.1" 200 35601
[26/Jul/2018 01:36:29] "GET / HTTP/1.1" 302 0
[26/Jul/2018 01:36:29] "GET /memberhome HTTP/1.1" 200 2139
Not Found: /{$ static 'js/main.js' %}
[26/Jul/2018 01:36:29] "GET /%7B$%20static%20'js/main.js'%20%%7D HTTP/1.1" 404 2285
[26/Jul/2018 01:36:31] "GET /%7B$%%20url%20'members:member_signup'%20%%7D HTTP/1.1" 200 4419
Not Found: /{$ static 'js/main.js' %}
[26/Jul/2018 01:36:31] "GET /%7B$%20static%20'js/main.js'%20%%7D HTTP/1.1" 404 2285
[26/Jul/2018 01:36:38] "GET /%7B$%%20url%20'members:member_signup'%20%%7D HTTP/1.1" 200 4419
Not Found: /{$ static 'js/main.js' %}
[26/Jul/2018 01:36:39] "GET /%7B$%20static%20'js/main.js'%20%%7D HTTP/1.1" 404 2285
[26/Jul/2018 01:36:54] "GET / HTTP/1.1" 200 2787
[26/Jul/2018 01:36:56] "GET /static/css/bootstrap-theme.min.css HTTP/1.1" 200 19835
[26/Jul/2018 01:36:56] "GET /static/js/vendor/modernizr-2.8.3-respond-1.4.2.min.js HTTP/1.1" 200 20106
[26/Jul/2018 01:36:56] "GET /static/css/main.css HTTP/1.1" 200 204
[26/Jul/2018 01:36:56] "GET /static/css/bootstrap.min.css HTTP/1.1" 200 113498
Not Found: /{$ static 'js/main.js' %}
[26/Jul/2018 01:36:56] "GET /%7B$%20static%20'js/main.js'%20%%7D HTTP/1.1" 404 2285
[26/Jul/2018 01:36:56] "GET /static/js/vendor/bootstrap.min.js HTTP/1.1" 200 35601
[26/Jul/2018 01:37:00] "GET /%7B$%%20url%20'members:member_signup'%20%%7D HTTP/1.1" 200 4419
Not Found: /{$ static 'js/main.js' %}
[26/Jul/2018 01:37:00] "GET /%7B$%20static%20'js/main.js'%20%%7D HTTP/1.1" 404 2285
[26/Jul/2018 01:37:49] "POST /%7B$%%20url%20'members:member_signup'%20%%7D HTTP/1.1" 302 0
[26/Jul/2018 01:37:49] "GET /memberhome HTTP/1.1" 200 2132
Not Found: /{$ static 'js/main.js' %}
[26/Jul/2018 01:37:49] "GET /%7B$%20static%20'js/main.js'%20%%7D HTTP/1.1" 404 2285
[26/Jul/2018 01:38:13] "POST /%7B$%%20url%20'members:member_signup'%20%%7D HTTP/1.1" 200 4591
Not Found: /{$ static 'js/main.js' %}
[26/Jul/2018 01:38:13] "GET /%7B$%20static%20'js/main.js'%20%%7D HTTP/1.1" 404 2285
[26/Jul/2018 01:38:25] "POST /%7B$%%20url%20'members:member_signup'%20%%7D HTTP/1.1" 302 0
[26/Jul/2018 01:38:26] "GET /memberhome HTTP/1.1" 200 2130
Not Found: /{$ static 'js/main.js' %}
[26/Jul/2018 01:38:26] "GET /%7B$%20static%20'js/main.js'%20%%7D HTTP/1.1" 404 2285
[26/Jul/2018 01:38:29] "GET /%7B$%%20url%20'members:member_login'%20%%7D HTTP/1.1" 200 2457
Not Found: /{$ static 'js/main.js' %}
[26/Jul/2018 01:38:29] "GET /%7B$%20static%20'js/main.js'%20%%7D HTTP/1.1" 404 2285
[26/Jul/2018 01:38:40] "POST /memberlogin HTTP/1.1" 200 2610
Not Found: /{$ static 'js/main.js' %}
[26/Jul/2018 01:38:40] "GET /%7B$%20static%20'js/main.js'%20%%7D HTTP/1.1" 404 2285
[26/Jul/2018 01:38:43] "GET / HTTP/1.1" 302 0
[26/Jul/2018 01:38:43] "GET /memberhome HTTP/1.1" 200 2130
Not Found: /{$ static 'js/main.js' %}
[26/Jul/2018 01:38:43] "GET /%7B$%20static%20'js/main.js'%20%%7D HTTP/1.1" 404 2285
[26/Jul/2018 01:38:44] "GET / HTTP/1.1" 302 0
[26/Jul/2018 01:38:44] "GET /memberhome HTTP/1.1" 200 2139
Not Found: /{$ static 'js/main.js' %}
[26/Jul/2018 01:38:44] "GET /%7B$%20static%20'js/main.js'%20%%7D HTTP/1.1" 404 2285
[26/Jul/2018 01:38:46] "GET /memberhome HTTP/1.1" 200 2130
Not Found: /{$ static 'js/main.js' %}
[26/Jul/2018 01:38:46] "GET /%7B$%20static%20'js/main.js'%20%%7D HTTP/1.1" 404 2285
[26/Jul/2018 01:38:48] "GET /membersubscribe HTTP/1.1" 302 0
[26/Jul/2018 01:38:48] "GET /memberhome HTTP/1.1" 200 2139
Not Found: /{$ static 'js/main.js' %}
[26/Jul/2018 01:38:48] "GET /%7B$%20static%20'js/main.js'%20%%7D HTTP/1.1" 404 2285
[26/Jul/2018 01:38:53] "POST /memberlogin HTTP/1.1" 200 2610
Not Found: /{$ static 'js/main.js' %}
[26/Jul/2018 01:38:53] "GET /%7B$%20static%20'js/main.js'%20%%7D HTTP/1.1" 404 2285
[26/Jul/2018 01:38:57] "GET /%7B$%%20url%20'members:member_signup'%20%%7D HTTP/1.1" 200 4419
Not Found: /{$ static 'js/main.js' %}
[26/Jul/2018 01:38:57] "GET /%7B$%20static%20'js/main.js'%20%%7D HTTP/1.1" 404 2285
[26/Jul/2018 01:39:09] "GET / HTTP/1.1" 200 2787
[26/Jul/2018 01:39:09] "GET /static/css/bootstrap-theme.min.css HTTP/1.1" 200 19835
[26/Jul/2018 01:39:09] "GET /static/css/main.css HTTP/1.1" 200 204
[26/Jul/2018 01:39:09] "GET /static/js/vendor/modernizr-2.8.3-respond-1.4.2.min.js HTTP/1.1" 200 20106
[26/Jul/2018 01:39:09] "GET /static/js/vendor/bootstrap.min.js HTTP/1.1" 200 35601
[26/Jul/2018 01:39:09] "GET /static/css/bootstrap.min.css HTTP/1.1" 200 113498
Not Found: /{$ static 'js/main.js' %}
[26/Jul/2018 01:39:09] "GET /%7B$%20static%20'js/main.js'%20%%7D HTTP/1.1" 404 2285
[26/Jul/2018 01:39:19] "GET /%7B$%%20url%20'members:member_signup'%20%%7D HTTP/1.1" 200 4419
Not Found: /{$ static 'js/main.js' %}
[26/Jul/2018 01:39:19] "GET /%7B$%20static%20'js/main.js'%20%%7D HTTP/1.1" 404 2285
[26/Jul/2018 01:41:10] "POST /%7B$%%20url%20'members:member_signup'%20%%7D HTTP/1.1" 200 4680
Not Found: /{$ static 'js/main.js' %}
[26/Jul/2018 01:41:10] "GET /%7B$%20static%20'js/main.js'%20%%7D HTTP/1.1" 404 2285
[26/Jul/2018 01:41:51] "POST /%7B$%%20url%20'members:member_signup'%20%%7D HTTP/1.1" 302 0
[26/Jul/2018 01:41:51] "GET /memberhome HTTP/1.1" 200 2132
Not Found: /{$ static 'js/main.js' %}
[26/Jul/2018 01:41:51] "GET /%7B$%20static%20'js/main.js'%20%%7D HTTP/1.1" 404 2285
[26/Jul/2018 01:42:00] "GET /memberlogout HTTP/1.1" 302 0
[26/Jul/2018 01:42:00] "GET / HTTP/1.1" 200 2787
Not Found: /{$ static 'js/main.js' %}
[26/Jul/2018 01:42:00] "GET /%7B$%20static%20'js/main.js'%20%%7D HTTP/1.1" 404 2285
[26/Jul/2018 01:42:01] "GET /%7B$%%20url%20'members:member_signup'%20%%7D HTTP/1.1" 200 4419
Not Found: /{$ static 'js/main.js' %}
[26/Jul/2018 01:42:02] "GET /%7B$%20static%20'js/main.js'%20%%7D HTTP/1.1" 404 2285
[26/Jul/2018 01:42:03] "GET /%7B$%%20url%20'members:member_login'%20%%7D HTTP/1.1" 200 2457
Not Found: /{$ static 'js/main.js' %}
[26/Jul/2018 01:42:03] "GET /%7B$%20static%20'js/main.js'%20%%7D HTTP/1.1" 404 2285
[26/Jul/2018 01:42:05] "POST /memberlogin HTTP/1.1" 302 0
[26/Jul/2018 01:42:05] "GET /memberhome HTTP/1.1" 200 2122
Not Found: /{$ static 'js/main.js' %}
[26/Jul/2018 01:42:05] "GET /%7B$%20static%20'js/main.js'%20%%7D HTTP/1.1" 404 2285
[26/Jul/2018 01:56:02] "GET / HTTP/1.1" 302 0
[26/Jul/2018 01:56:02] "GET /memberhome HTTP/1.1" 200 2122
Not Found: /{$ static 'js/main.js' %}
[26/Jul/2018 01:56:02] "GET /%7B$%20static%20'js/main.js'%20%%7D HTTP/1.1" 404 2285
[26/Jul/2018 01:56:05] "GET /memberhome HTTP/1.1" 200 2122
Not Found: /{$ static 'js/main.js' %}
[26/Jul/2018 01:56:05] "GET /%7B$%20static%20'js/main.js'%20%%7D HTTP/1.1" 404 2285
[26/Jul/2018 01:56:32] "GET /memberhome HTTP/1.1" 200 2122
Not Found: /{$ static 'js/main.js' %}
[26/Jul/2018 01:56:32] "GET /%7B$%20static%20'js/main.js'%20%%7D HTTP/1.1" 404 2285
[26/Jul/2018 01:56:35] "GET /memberlogout HTTP/1.1" 302 0
[26/Jul/2018 01:56:35] "GET / HTTP/1.1" 200 2787
Not Found: /{$ static 'js/main.js' %}
[26/Jul/2018 01:56:35] "GET /%7B$%20static%20'js/main.js'%20%%7D HTTP/1.1" 404 2285
[26/Jul/2018 01:56:36] "GET /%7B$%%20url%20'members:member_login'%20%%7D HTTP/1.1" 200 2457
Not Found: /{$ static 'js/main.js' %}
[26/Jul/2018 01:56:36] "GET /%7B$%20static%20'js/main.js'%20%%7D HTTP/1.1" 404 2285
[26/Jul/2018 01:56:38] "POST /memberlogin HTTP/1.1" 302 0
[26/Jul/2018 01:56:38] "GET /memberhome HTTP/1.1" 200 2122
Not Found: /{$ static 'js/main.js' %}
[26/Jul/2018 01:56:38] "GET /%7B$%20static%20'js/main.js'%20%%7D HTTP/1.1" 404 2285
[26/Jul/2018 01:56:42] "GET / HTTP/1.1" 302 0
[26/Jul/2018 01:56:42] "GET /memberhome HTTP/1.1" 200 2122
Not Found: /{$ static 'js/main.js' %}
[26/Jul/2018 01:56:42] "GET /%7B$%20static%20'js/main.js'%20%%7D HTTP/1.1" 404 2285
[26/Jul/2018 01:56:46] "GET / HTTP/1.1" 302 0
[26/Jul/2018 01:56:46] "GET /memberhome HTTP/1.1" 200 2122
Not Found: /{$ static 'js/main.js' %}
[26/Jul/2018 01:56:46] "GET /%7B$%20static%20'js/main.js'%20%%7D HTTP/1.1" 404 2285
[26/Jul/2018 01:57:46] "GET / HTTP/1.1" 200 2787
[26/Jul/2018 01:57:46] "GET /static/css/bootstrap-theme.min.css HTTP/1.1" 200 19835
[26/Jul/2018 01:57:46] "GET /static/css/main.css HTTP/1.1" 200 204
[26/Jul/2018 01:57:46] "GET /static/js/vendor/modernizr-2.8.3-respond-1.4.2.min.js HTTP/1.1" 200 20106
[26/Jul/2018 01:57:46] "GET /static/css/bootstrap.min.css HTTP/1.1" 200 113498
Not Found: /{$ static 'js/main.js' %}
[26/Jul/2018 01:57:46] "GET /%7B$%20static%20'js/main.js'%20%%7D HTTP/1.1" 404 2285
[26/Jul/2018 01:57:46] "GET /static/js/vendor/bootstrap.min.js HTTP/1.1" 200 35601
[26/Jul/2018 01:57:51] "GET /%7B$%%20url%20'members:member_login'%20%%7D HTTP/1.1" 200 2457
Not Found: /{$ static 'js/main.js' %}
[26/Jul/2018 01:57:51] "GET /%7B$%20static%20'js/main.js'%20%%7D HTTP/1.1" 404 2285
[26/Jul/2018 01:57:54] "GET /%7B$%%20url%20'members:member_signup'%20%%7D HTTP/1.1" 200 4419
Not Found: /{$ static 'js/main.js' %}
[26/Jul/2018 01:57:54] "GET /%7B$%20static%20'js/main.js'%20%%7D HTTP/1.1" 404 2285
[26/Jul/2018 01:58:45] "POST /%7B$%%20url%20'members:member_signup'%20%%7D HTTP/1.1" 302 0
[26/Jul/2018 01:58:45] "GET /memberhome HTTP/1.1" 200 2132
Not Found: /{$ static 'js/main.js' %}
[26/Jul/2018 01:58:45] "GET /%7B$%20static%20'js/main.js'%20%%7D HTTP/1.1" 404 2285
[26/Jul/2018 01:58:51] "GET /membersubscribe HTTP/1.1" 302 0
[26/Jul/2018 01:58:51] "GET /memberhome HTTP/1.1" 200 2141
Not Found: /{$ static 'js/main.js' %}
[26/Jul/2018 01:58:51] "GET /%7B$%20static%20'js/main.js'%20%%7D HTTP/1.1" 404 2285
[26/Jul/2018 02:00:55] "GET /admin HTTP/1.1" 301 0
[26/Jul/2018 02:00:55] "GET /admin/ HTTP/1.1" 200 3637
[26/Jul/2018 02:00:55] "GET /static/admin/css/base.css HTTP/1.1" 200 16106
[26/Jul/2018 02:00:55] "GET /static/admin/css/dashboard.css HTTP/1.1" 200 412
[26/Jul/2018 02:00:55] "GET /static/admin/css/responsive.css HTTP/1.1" 200 17894
[26/Jul/2018 02:00:55] "GET /static/admin/css/fonts.css HTTP/1.1" 200 423
[26/Jul/2018 02:00:55] "GET /static/admin/img/icon-changelink.svg HTTP/1.1" 200 380
[26/Jul/2018 02:00:55] "GET /static/admin/img/icon-addlink.svg HTTP/1.1" 200 331
[26/Jul/2018 02:00:55] "GET /static/admin/fonts/Roboto-Light-webfont.woff HTTP/1.1" 200 81348
[26/Jul/2018 02:00:55] "GET /static/admin/fonts/Roboto-Regular-webfont.woff HTTP/1.1" 200 80304
[26/Jul/2018 02:00:55] "GET /static/admin/fonts/Roboto-Bold-webfont.woff HTTP/1.1" 200 82564
[26/Jul/2018 02:01:28] "GET /admin/members/member/ HTTP/1.1" 200 5563
[26/Jul/2018 02:01:28] "GET /static/admin/css/changelists.css HTTP/1.1" 200 6170
[26/Jul/2018 02:01:28] "GET /admin/jsi18n/ HTTP/1.1" 200 3185
[26/Jul/2018 02:01:28] "GET /static/admin/js/jquery.init.js HTTP/1.1" 200 363
[26/Jul/2018 02:01:28] "GET /static/admin/js/core.js HTTP/1.1" 200 7134
[26/Jul/2018 02:01:28] "GET /static/admin/js/admin/RelatedObjectLookups.js HTTP/1.1" 200 6897
[26/Jul/2018 02:01:28] "GET /static/admin/js/actions.js HTTP/1.1" 200 6502
[26/Jul/2018 02:01:28] "GET /static/admin/js/urlify.js HTTP/1.1" 200 8729
[26/Jul/2018 02:01:28] "GET /static/admin/js/prepopulate.js HTTP/1.1" 200 1538
[26/Jul/2018 02:01:29] "GET /static/admin/js/vendor/xregexp/xregexp.js HTTP/1.1" 200 128820
[26/Jul/2018 02:01:30] "GET /static/admin/js/vendor/jquery/jquery.js HTTP/1.1" 200 258648
[26/Jul/2018 02:01:30] "GET /static/admin/img/tooltag-add.svg HTTP/1.1" 200 331
[26/Jul/2018 02:03:47] "POST /admin/members/member/ HTTP/1.1" 200 3352
[26/Jul/2018 02:03:47] "GET /static/admin/js/cancel.js HTTP/1.1" 200 204
[26/Jul/2018 02:03:54] "GET /admin/members/member/ HTTP/1.1" 200 5563
[26/Jul/2018 02:06:10] "POST /admin/members/member/ HTTP/1.1" 302 0
[26/Jul/2018 02:06:10] "GET /memberdisplaymembers/%5B%7B'id':%206,%20'subscribed':%20True,%20'user':%206,%20'first_name':%20'Danea',%20'last_name':%20'Manson',%20'preferred_name':%20'Danea',%20'major':%20'ChemE',%20'classification':%20'fourth',%20'email':%20'danea.manson@gmail.com',%20'current_match_email':%20None,%20'secondary_match_email':%20None%7D,%20%7B'id':%204,%20'subscribed':%20True,%20'user':%204,%20'first_name':%20'John',%20'last_name':%20'Butler',%20'preferred_name':%20'JB',%20'major':%20'Civil%20Engineering',%20'classification':%20'third',%20'email':%20'john.butler3@gatech.edu',%20'current_match_email':%20None,%20'secondary_match_email':%20None%7D,%20%7B'id':%202,%20'subscribed':%20True,%20'user':%202,%20'first_name':%20'Leah',%20'last_name':%20'Miller',%20'preferred_name':%20'Leah',%20'major':%20'Business%20Administration',%20'classification':%20'fourth',%20'email':%20'l.miller.lkq@gmail.com',%20'current_match_email':%20None,%20'secondary_match_email':%20None%7D%5D HTTP/1.1" 200 4495
Not Found: /memberdisplaymembers/{$ static 'js/main.js' %}
[26/Jul/2018 02:06:10] "GET /memberdisplaymembers/%7B$%20static%20'js/main.js'%20%%7D HTTP/1.1" 404 3728
[26/Jul/2018 02:06:26] "GET /admin/members/member/ HTTP/1.1" 200 5563
[26/Jul/2018 02:06:39] "POST /admin/members/member/ HTTP/1.1" 302 0
[26/Jul/2018 02:06:39] "GET /memberdisplaymembers/%5B%7B'id':%206,%20'subscribed':%20True,%20'user':%206,%20'first_name':%20'Danea',%20'last_name':%20'Manson',%20'preferred_name':%20'Danea',%20'major':%20'ChemE',%20'classification':%20'fourth',%20'email':%20'danea.manson@gmail.com',%20'current_match_email':%20None,%20'secondary_match_email':%20None%7D,%20%7B'id':%204,%20'subscribed':%20True,%20'user':%204,%20'first_name':%20'John',%20'last_name':%20'Butler',%20'preferred_name':%20'JB',%20'major':%20'Civil%20Engineering',%20'classification':%20'third',%20'email':%20'john.butler3@gatech.edu',%20'current_match_email':%20None,%20'secondary_match_email':%20None%7D%5D HTTP/1.1" 200 3931
Not Found: /memberdisplaymembers/{$ static 'js/main.js' %}
[26/Jul/2018 02:06:39] "GET /memberdisplaymembers/%7B$%20static%20'js/main.js'%20%%7D HTTP/1.1" 404 3728
[26/Jul/2018 02:06:44] "POST /membercomplete/%5B(%7B'id':%204,%20'subscribed':%20True,%20'user':%204,%20'first_name':%20'John',%20'last_name':%20'Butler',%20'preferred_name':%20'JB',%20'major':%20'Civil%20Engineering',%20'classification':%20'third',%20'email':%20'john.butler3@gatech.edu',%20'current_match_email':%20None,%20'secondary_match_email':%20None%7D,%20%7B'id':%206,%20'subscribed':%20True,%20'user':%206,%20'first_name':%20'Danea',%20'last_name':%20'Manson',%20'preferred_name':%20'Danea',%20'major':%20'ChemE',%20'classification':%20'fourth',%20'email':%20'danea.manson@gmail.com',%20'current_match_email':%20None,%20'secondary_match_email':%20None%7D)%5D HTTP/1.1" 200 2397
Not Found: /membercomplete/{$ static 'js/main.js' %}
[26/Jul/2018 02:06:44] "GET /membercomplete/%7B$%20static%20'js/main.js'%20%%7D HTTP/1.1" 404 3710
[26/Jul/2018 02:06:54] "GET / HTTP/1.1" 302 0
[26/Jul/2018 02:06:54] "GET /memberhome HTTP/1.1" 200 2122
Not Found: /{$ static 'js/main.js' %}
[26/Jul/2018 02:06:54] "GET /%7B$%20static%20'js/main.js'%20%%7D HTTP/1.1" 404 2285
Not Found: /{$ static 'js/main.js' %}
[26/Jul/2018 02:07:52] "GET /%7B$%20static%20'js/main.js'%20%%7D HTTP/1.1" 404 2285
[26/Jul/2018 02:07:59] "GET / HTTP/1.1" 302 0
[26/Jul/2018 02:07:59] "GET /memberhome HTTP/1.1" 200 2474
Not Found: /{$ static 'js/main.js' %}
[26/Jul/2018 02:07:59] "GET /%7B$%20static%20'js/main.js'%20%%7D HTTP/1.1" 404 2285
Not Found: /{$ static 'js/main.js' %}
[26/Jul/2018 02:07:59] "GET /%7B$%20static%20'js/main.js'%20%%7D HTTP/1.1" 404 2285
[26/Jul/2018 02:07:59] "GET / HTTP/1.1" 302 0
[26/Jul/2018 02:08:00] "GET /memberhome HTTP/1.1" 200 2474
[26/Jul/2018 02:09:01] "GET / HTTP/1.1" 200 2787
[26/Jul/2018 02:09:01] "GET /static/css/bootstrap-theme.min.css HTTP/1.1" 200 19835
[26/Jul/2018 02:09:01] "GET /static/css/main.css HTTP/1.1" 200 204
[26/Jul/2018 02:09:01] "GET /static/js/vendor/modernizr-2.8.3-respond-1.4.2.min.js HTTP/1.1" 200 20106
[26/Jul/2018 02:09:01] "GET /static/css/bootstrap.min.css HTTP/1.1" 200 113498
Not Found: /{$ static 'js/main.js' %}
[26/Jul/2018 02:09:01] "GET /%7B$%20static%20'js/main.js'%20%%7D HTTP/1.1" 404 2285
[26/Jul/2018 02:09:01] "GET /static/js/vendor/bootstrap.min.js HTTP/1.1" 200 35601
[26/Jul/2018 02:09:05] "GET /%7B$%%20url%20'members:member_signup'%20%%7D HTTP/1.1" 200 4419
Not Found: /{$ static 'js/main.js' %}
[26/Jul/2018 02:09:05] "GET /%7B$%20static%20'js/main.js'%20%%7D HTTP/1.1" 404 2285
[26/Jul/2018 02:09:16] "GET /memberhome HTTP/1.1" 200 2132
Not Found: /{$ static 'js/main.js' %}
[26/Jul/2018 02:09:16] "GET /%7B$%20static%20'js/main.js'%20%%7D HTTP/1.1" 404 2285
[26/Jul/2018 02:09:17] "GET / HTTP/1.1" 302 0
[26/Jul/2018 02:09:17] "GET /memberhome HTTP/1.1" 200 2132
Not Found: /{$ static 'js/main.js' %}
[26/Jul/2018 02:09:17] "GET /%7B$%20static%20'js/main.js'%20%%7D HTTP/1.1" 404 2285
[26/Jul/2018 02:09:42] "GET / HTTP/1.1" 302 0
[26/Jul/2018 02:09:42] "GET /memberhome HTTP/1.1" 200 2132
Not Found: /{$ static 'js/main.js' %}
[26/Jul/2018 02:09:42] "GET /%7B$%20static%20'js/main.js'%20%%7D HTTP/1.1" 404 2285
[26/Jul/2018 02:09:50] "GET /membersubscribe HTTP/1.1" 302 0
[26/Jul/2018 02:09:50] "GET /memberhome HTTP/1.1" 200 2141
Not Found: /{$ static 'js/main.js' %}
[26/Jul/2018 02:09:50] "GET /%7B$%20static%20'js/main.js'%20%%7D HTTP/1.1" 404 2285
[26/Jul/2018 02:09:55] "GET /memberhome HTTP/1.1" 200 2141
Not Found: /{$ static 'js/main.js' %}
[26/Jul/2018 02:09:55] "GET /%7B$%20static%20'js/main.js'%20%%7D HTTP/1.1" 404 2285
[26/Jul/2018 02:09:56] "GET /memberhome HTTP/1.1" 200 2122
Not Found: /{$ static 'js/main.js' %}
[26/Jul/2018 02:09:56] "GET /%7B$%20static%20'js/main.js'%20%%7D HTTP/1.1" 404 2285
[26/Jul/2018 02:10:30] "GET /memberhome HTTP/1.1" 200 2141
Not Found: /{$ static 'js/main.js' %}
[26/Jul/2018 02:10:31] "GET /%7B$%20static%20'js/main.js'%20%%7D HTTP/1.1" 404 2285
[26/Jul/2018 02:21:12] "GET /memberhome HTTP/1.1" 200 2141
Not Found: /{$ static 'js/main.js' %}
[26/Jul/2018 02:21:12] "GET /%7B$%20static%20'js/main.js'%20%%7D HTTP/1.1" 404 2285
[26/Jul/2018 02:21:16] "GET /memberhome HTTP/1.1" 200 2141
Not Found: /{$ static 'js/main.js' %}
[26/Jul/2018 02:21:16] "GET /%7B$%20static%20'js/main.js'%20%%7D HTTP/1.1" 404 2285
[26/Jul/2018 03:23:08] "GET /admin/ HTTP/1.1" 200 3637
[26/Jul/2018 03:23:11] "GET /admin/auth/user/ HTTP/1.1" 200 5532
[26/Jul/2018 03:23:11] "GET /admin/jsi18n/ HTTP/1.1" 200 3185
[26/Jul/2018 03:23:25] "GET /admin/auth/user/5/change/ HTTP/1.1" 200 13064
[26/Jul/2018 03:23:26] "GET /static/admin/css/forms.css HTTP/1.1" 200 8173
[26/Jul/2018 03:23:26] "GET /admin/jsi18n/ HTTP/1.1" 200 3185
[26/Jul/2018 03:23:26] "GET /static/admin/js/change_form.js HTTP/1.1" 200 712
[26/Jul/2018 03:23:26] "GET /static/admin/js/admin/DateTimeShortcuts.js HTTP/1.1" 200 20283
[26/Jul/2018 03:23:26] "GET /static/admin/js/calendar.js HTTP/1.1" 200 7777
[26/Jul/2018 03:23:26] "GET /static/admin/js/prepopulate_init.js HTTP/1.1" 200 495
[26/Jul/2018 03:23:26] "GET /static/admin/css/widgets.css HTTP/1.1" 200 10340
[26/Jul/2018 03:23:26] "GET /static/admin/img/icon-clock.svg HTTP/1.1" 200 677
[26/Jul/2018 03:23:26] "GET /static/admin/img/icon-calendar.svg HTTP/1.1" 200 1086
[26/Jul/2018 03:23:34] "GET /admin/auth/user/ HTTP/1.1" 200 5532
Not Found: /{$ static 'js/main.js' %}
[26/Jul/2018 03:40:16] "GET /%7B$%20static%20'js/main.js'%20%%7D HTTP/1.1" 404 2285
[26/Jul/2018 03:41:25] "GET / HTTP/1.1" 200 2787
[26/Jul/2018 03:41:25] "GET /static/css/bootstrap-theme.min.css HTTP/1.1" 200 19835
[26/Jul/2018 03:41:25] "GET /static/css/main.css HTTP/1.1" 200 204
[26/Jul/2018 03:41:25] "GET /static/js/vendor/modernizr-2.8.3-respond-1.4.2.min.js HTTP/1.1" 200 20106
[26/Jul/2018 03:41:25] "GET /static/css/bootstrap.min.css HTTP/1.1" 200 113498
Not Found: /{$ static 'js/main.js' %}
[26/Jul/2018 03:41:25] "GET /%7B$%20static%20'js/main.js'%20%%7D HTTP/1.1" 404 2285
[26/Jul/2018 03:41:25] "GET /static/js/vendor/bootstrap.min.js HTTP/1.1" 200 35601
Not Found: /{$ static 'js/main.js' %}
[26/Jul/2018 03:41:25] "GET /%7B$%20static%20'js/main.js'%20%%7D HTTP/1.1" 404 2285
Not Found: /favicon.ico
[26/Jul/2018 03:41:26] "GET /favicon.ico HTTP/1.1" 404 2207
[26/Jul/2018 03:42:21] "GET /%7B$%%20url%20'members:member_signup'%20%%7D HTTP/1.1" 200 4419
Not Found: /{$ static 'js/main.js' %}
[26/Jul/2018 03:42:22] "GET /%7B$%20static%20'js/main.js'%20%%7D HTTP/1.1" 404 2285
[26/Jul/2018 03:43:04] "POST /%7B$%%20url%20'members:member_signup'%20%%7D HTTP/1.1" 302 0
[26/Jul/2018 03:43:04] "GET /memberhome HTTP/1.1" 200 2132
Not Found: /{$ static 'js/main.js' %}
[26/Jul/2018 03:43:04] "GET /%7B$%20static%20'js/main.js'%20%%7D HTTP/1.1" 404 2285
Not Found: /{$ static 'js/main.js' %}
[26/Jul/2018 03:43:05] "GET /%7B$%20static%20'js/main.js'%20%%7D HTTP/1.1" 404 2285
[26/Jul/2018 04:17:39] code 400, message Bad request syntax ('\x00\x00\x00TZ\x00\x00\x00\x00\x00\x00\x00\x00\x01\x00\x00\x04\x010I\x00\x00\x00\x00\x80\x0b¨À\x00\x0c)t F\x07\x00tsXrcsXYs9\x00\x00\x00\x00\x00\x00\x00\x00\x00\x00\x00\x00\x00\x00\x00\x00\x00\x00\x00\x00\x00\x00bbXcsXctst\x00\x00\x00\x00\x00\x00')
[26/Jul/2018 04:17:39] "   TZ          0I    ¨À )t F tsXrcsXYs9                      bbXcsXctst      " 400 -
[26/Jul/2018 05:33:50] code 400, message Bad HTTP/0.9 request type ('\x16\x03\x01\x01D\x01\x00\x01@\x03\x03ßÜà\x83YÄ')
[26/Jul/2018 05:33:50] You're accessing the development server over HTTPS, but it only supports HTTP.

[26/Jul/2018 10:20:21] code 400, message Bad request version ('î\x83\x00\x00¬À0À,À(À$À\x14À')
[26/Jul/2018 10:20:21] You're accessing the development server over HTTPS, but it only supports HTTP.

[26/Jul/2018 12:16:40] "GET /memberhome HTTP/1.1" 200 2141
[26/Jul/2018 12:16:40] "GET /static/css/bootstrap-theme.min.css HTTP/1.1" 200 19835
[26/Jul/2018 12:16:40] "GET /static/css/main.css HTTP/1.1" 200 204
[26/Jul/2018 12:16:40] "GET /static/js/vendor/modernizr-2.8.3-respond-1.4.2.min.js HTTP/1.1" 200 20106
[26/Jul/2018 12:16:40] "GET /static/css/bootstrap.min.css HTTP/1.1" 200 113498
[26/Jul/2018 12:16:40] "GET /static/js/vendor/bootstrap.min.js HTTP/1.1" 200 35601
Not Found: /{$ static 'js/main.js' %}
[26/Jul/2018 12:16:40] "GET /%7B$%20static%20'js/main.js'%20%%7D HTTP/1.1" 404 2285
[26/Jul/2018 12:16:43] "GET /memberhome HTTP/1.1" 200 2141
Not Found: /{$ static 'js/main.js' %}
[26/Jul/2018 12:16:43] "GET /%7B$%20static%20'js/main.js'%20%%7D HTTP/1.1" 404 2285
[26/Jul/2018 18:53:32] "GET / HTTP/1.1" 200 2787
[26/Jul/2018 19:00:34] code 400, message Bad HTTP/0.9 request type ('\x03\x00\x00+&à\x00\x00\x00\x00\x00Cookie:')
[26/Jul/2018 19:00:34] "  +&à     Cookie: mstshash=hello" 400 -
[26/Jul/2018 20:49:18] code 400, message Bad request syntax ('JDWP-Handshake')
[26/Jul/2018 20:49:18] "JDWP-Handshake" 400 -
[2018-07-26 20:49:18,695] - Broken pipe from ('85.25.223.238', 47077)

[26/Jul/2018 22:23:28] "GET / HTTP/1.1" 200 2787
[27/Jul/2018 00:19:46] "GET / HTTP/1.1" 200 2787
[27/Jul/2018 00:23:32] "GET / HTTP/1.0" 200 2787
[27/Jul/2018 00:23:33] code 400, message Bad HTTP/0.9 request type ('l\x00')
[27/Jul/2018 00:23:33] "l          " 400 -
[2018-07-27 00:23:33,833] - Broken pipe from ('139.162.171.172', 53444)

Not Found: /nice ports,/Trinity.txt.bak
[27/Jul/2018 00:23:33] "GET /nice%20ports%2C/Tri%6Eity.txt%2ebak HTTP/1.0" 404 2273
[27/Jul/2018 00:23:34] code 400, message Bad request syntax ('\x05\x04\x00\x01\x02\x80\x05\x01\x00\x03')
[27/Jul/2018 00:23:34] "  " 400 -
[27/Jul/2018 00:23:35] code 400, message Bad request syntax ('\x04\x01\x00\x16\x7f\x00\x00\x01root\x00')
[27/Jul/2018 00:23:35] "   root " 400 -
[2018-07-27 00:23:35,944] - Broken pipe from ('139.162.171.172', 54000)

[27/Jul/2018 00:23:36] code 400, message Bad request syntax ('\\#ST')
[27/Jul/2018 00:23:36] "\#ST" 400 -
[27/Jul/2018 00:23:37] code 400, message Bad HTTP/0.9 request type ('\x00')
[27/Jul/2018 00:23:37] " n    be  " 400 -
[2018-07-27 00:23:37,737] - Broken pipe from ('139.162.171.172', 54430)

[27/Jul/2018 00:23:39] code 400, message Bad request syntax ('\x00\x00\x07\x00\x08\x00\x03\x00\x04\x00\x05\x00\x06')
[27/Jul/2018 00:23:39] "       " 400 -
[27/Jul/2018 00:23:39] "OPTIONS / HTTP/1.0" 200 2787
[27/Jul/2018 00:23:39] code 400, message Bad request version ('RTSP/1.0')
[27/Jul/2018 00:23:39] "OPTIONS / RTSP/1.0" 400 -
[27/Jul/2018 00:23:41] code 400, message Bad request version ('\x00\x01\x97|\x00\x00\x00\x00\x00\x00\x00\x00\x00\x00\x00\x00\x00\x00\x00\x00\x00\x00\x00\x00')
[27/Jul/2018 00:23:41] "  (rþ          |                    " 400 -
[2018-07-27 00:23:41,389] - Broken pipe from ('139.162.171.172', 55210)

[27/Jul/2018 00:23:42] code 400, message Bad HTTP/0.9 request type ('\x00')
[27/Jul/2018 00:23:42] "          versionbind   " 400 -
[2018-07-27 00:23:42,990] - Broken pipe from ('139.162.171.172', 55510)

[27/Jul/2018 00:23:44] code 400, message Bad HTTP/0.9 request type ('\x00')
[27/Jul/2018 00:23:44] "            " 400 -
[2018-07-27 00:23:44,580] - Broken pipe from ('139.162.171.172', 55862)

[27/Jul/2018 00:23:44] code 400, message Bad request syntax ('HELP')
[27/Jul/2018 00:23:44] "HELP" 400 -
[27/Jul/2018 00:23:44] code 400, message Bad request syntax ('\x16\x03\x00\x00S\x01\x00\x00O\x03\x00?G×÷º,îê²`~ó\x00ý\x82{¹Õ\x96Èw\x9bæÄÛ<=Ûoï\x10n\x00\x00(\x00\x16\x00\x13\x00')
[27/Jul/2018 00:23:44] You're accessing the development server over HTTPS, but it only supports HTTP.

[27/Jul/2018 00:23:45] code 400, message Bad request version ('\x00/\x00')
[27/Jul/2018 00:23:45] You're accessing the development server over HTTPS, but it only supports HTTP.

[27/Jul/2018 00:23:45] code 400, message Bad request syntax ('\x00\x00\x00qj\x81n0\x81k¡\x03\x02\x01\x05¢\x03\x02\x01')
[27/Jul/2018 00:23:45] "   qjn0k¡¢" 400 -
[27/Jul/2018 00:23:47] code 400, message Bad request syntax ('\x00\x00\x00¤ÿSMBr\x00\x00\x00\x00\x08\x01@\x00\x00\x00\x00\x00\x00\x00\x00\x00\x00\x00\x00\x00\x00@\x06\x00\x00\x01\x00\x00\x81\x00\x02PC NETWORK PROGRAM 1.0\x00\x02MICROSOFT NETWORKS 1.03\x00\x02MICROSOFT NETWORKS 3.0\x00\x02LANMAN1.0\x00\x02LM1.2X002\x00\x02Samba\x00\x02NT LANMAN 1.0\x00\x02NT LM 0.12\x00')
[27/Jul/2018 00:23:47] "   ¤ÿSMBr    @              @     PC NETWORK PROGRAM 1.0 MICROSOFT NETWORKS 1.03 MICROSOFT NETWORKS 3.0 LANMAN1.0 LM1.2X002 Samba NT LANMAN 1.0 NT LM 0.12 " 400 -
[2018-07-27 00:23:47,086] - Broken pipe from ('139.162.171.172', 56320)

[27/Jul/2018 00:23:47] code 400, message Bad request syntax ('\x01default')
[27/Jul/2018 00:23:47] "default" 400 -
[27/Jul/2018 00:23:47] code 400, message Bad request syntax ('0\x84\x00\x00\x00-\x02\x01\x07c\x84\x00\x00\x00$\x04\x00')
[27/Jul/2018 00:23:47] "0   -c   $ " 400 -
[27/Jul/2018 00:23:49] code 400, message Bad HTTP/0.9 request type ('0')
[27/Jul/2018 00:23:49] "0`  " 400 -
[2018-07-27 00:23:49,090] - Broken pipe from ('139.162.171.172', 56626)

[27/Jul/2018 00:23:49] code 400, message Bad request version ('SIP/2.0')
[27/Jul/2018 00:23:49] "OPTIONS sip:nm SIP/2.0" 400 -
[27/Jul/2018 00:23:50] code 400, message Bad request syntax ('TNMP\x04\x00\x00\x00TNME\x00\x00\x04\x00')
[27/Jul/2018 00:23:50] "TNMP   TNME   " 400 -
[27/Jul/2018 00:23:52] code 400, message Bad HTTP/0.9 request type ('\x03\x00\x00')
[27/Jul/2018 00:23:52] "  à     " 400 -
[2018-07-27 00:23:52,524] - Broken pipe from ('139.162.171.172', 57126)

[27/Jul/2018 00:23:54] code 400, message Bad request syntax ('DmdT\x00\x00\x00\x17\x00\x00\x00\x01\x00\x00\x00\x00\x11\x11\x00ÿ\x01ÿ\x13')
[27/Jul/2018 00:23:54] "DmdT           ÿÿ" 400 -
[2018-07-27 00:23:54,113] - Broken pipe from ('139.162.171.172', 57340)

[27/Jul/2018 00:23:55] code 400, message Bad HTTP/0.9 request type (':\x00\x00\x00/\x00\x00\x00\x02\x00\x00@\x02\x0f\x00\x01\x00=\x05\x00\x00\x00\x00\x00\x00\x00\x00\x00\x00\x00\x00/\x00\x00\x00\x00\x00\x00\x00\x00\x00@')
[27/Jul/2018 00:23:55] ":   /     @  =            /         @                 " 400 -
[2018-07-27 00:23:55,709] - Broken pipe from ('139.162.171.172', 57518)

[27/Jul/2018 00:23:57] code 400, message Bad request syntax ('JRMI\x00\x02K')
[27/Jul/2018 00:23:57] "JRMI K" 400 -
[2018-07-27 00:23:57,298] - Broken pipe from ('139.162.171.172', 57702)

[27/Jul/2018 00:23:58] code 400, message Bad request syntax ('\x01\x00\x00ýÎú\x0b°\xa0\x00\x00\x00MMS\x14\x00\x00\x00\x00\x00\x00\x00\x00\x00\x00\x00\x00\x00\x00\x00\x12\x00\x00\x00\x01\x00\x03\x00ðððð\x0b\x00\x04\x00\x1c\x00\x03\x00N\x00S\x00P\x00l\x00a\x00y\x00e\x00r\x00/\x009\x00.\x00\x00.\x00\x00.\x02\x009\x008\x00\x00;\x00 \x00{\x00\x00\x00\x00\x00A\x00A\x00\x00\x00-\x00\x00A\x00\x00\x00-\x00\x00\x00a\x00\x00-\x00A\x00A\x00\x00A\x00-\x00\x00\x00\x00\x00A\x00\x00A\x00A\x00\x00A\x00A\x00\x00}\x00\x00\x00àmß_')
[27/Jul/2018 00:23:58] "  ýÎú°    MMS                    ðððð    N S P l a y e r / 9 .  .  . 9 8  ;   {     A A   -  A   -   a  - A A  A -     A  A A  A A  }   àmß_" 400 -
[2018-07-27 00:23:58,891] - Broken pipe from ('139.162.171.172', 57838)

[27/Jul/2018 00:24:00] code 400, message Bad HTTP/0.9 request type ('\x00Z\x00\x00\x01\x00\x00\x00\x016\x01,\x00\x00\x08\x00\x7fÿ\x7f\x08\x00\x00\x00\x01\x00')
[27/Jul/2018 00:24:00] " Z     6,   ÿ      :               æ           (CONNECT_DATA=(COMMAND=version))" 400 -
[27/Jul/2018 00:24:02] code 400, message Bad request version ('\x03\x00(\x00\x04ÿ\x08\x00\x01U\x00\x00\x00MSSQLServer\x00H\x0f\x00\x00')
[27/Jul/2018 00:24:02] " 4            ( ÿ U   MSSQLServer H  " 400 -
[2018-07-27 00:24:02,080] - Broken pipe from ('139.162.171.172', 58050)

[27/Jul/2018 00:24:03] code 400, message Bad request syntax ('\x00\x03\x00\x01\x00\x00\x00\x00\x00\x00\x00\x02\x00\x00\x00\x00\x0f\x00')
[27/Jul/2018 00:24:03] "              " 400 -
[2018-07-27 00:24:03,677] - Broken pipe from ('139.162.171.172', 58130)

[27/Jul/2018 00:24:05] code 400, message Bad request syntax ('GIOP\x01\x00\x01\x00$\x00\x00\x00\x00\x00\x00\x00\x01\x00\x00\x00\x01\x00\x00\x00\x06\x00\x00\x00abcdef\x00\x00\x04\x00\x00\x00get\x00\x00\x00\x00\x00')
[27/Jul/2018 00:24:05] "GIOP  $                abcdef     get     " 400 -
[2018-07-27 00:24:05,280] - Broken pipe from ('139.162.171.172', 58198)

[27/Jul/2018 00:24:06] code 400, message Bad request syntax ('\x00\x9c\x00\x01\x1a+<M\x00\x01\x00\x00\x01\x00\x00\x00\x00\x00\x00\x01\x00\x00\x00\x01ÿÿ\x00\x01none\x00\x00\x00\x00\x00\x00\x00\x00\x00\x00\x00\x00\x00\x00\x00\x00\x00\x00\x00\x00\x00\x00\x00\x00\x00\x00\x00\x00\x00\x00\x00\x00\x00\x00\x00\x00\x00\x00\x00\x00\x00\x00\x00\x00\x00\x00\x00\x00\x00\x00\x00\x00\x00\x00\x00\x00\x00\x00\x00\x00be\x00\x00\x00\x00\x00\x00\x00\x00\x00\x00\x00\x00\x00\x00\x00\x00\x00\x00\x00\x00\x00\x00\x00\x00\x00\x00\x00\x00\x00\x00\x00\x00\x00\x00\x00\x00\x00\x00\x00\x00\x00\x00\x00\x00\x00\x00\x00\x00\x00\x00\x00\x00\x00\x00\x00\x00\x00\x00\x00\x00\x00\x00')
[27/Jul/2018 00:24:06] "  +<M            ÿÿ none                                                            be                                                              " 400 -
[27/Jul/2018 02:07:50] "GET /%7B$%%20url%20'members:member_signup'%20%%7D HTTP/1.1" 200 4419
[27/Jul/2018 02:07:50] "GET /static/css/bootstrap-theme.min.css HTTP/1.1" 200 19835
[27/Jul/2018 02:07:50] "GET /static/css/main.css HTTP/1.1" 200 204
[27/Jul/2018 02:07:50] "GET /static/js/vendor/modernizr-2.8.3-respond-1.4.2.min.js HTTP/1.1" 200 20106
Not Found: /{$ static 'js/main.js' %}
[27/Jul/2018 02:07:50] "GET /%7B$%20static%20'js/main.js'%20%%7D HTTP/1.1" 404 2285
[27/Jul/2018 02:07:50] "GET /static/css/bootstrap.min.css HTTP/1.1" 200 113498
[27/Jul/2018 02:07:50] "GET /static/js/vendor/bootstrap.min.js HTTP/1.1" 200 35601
[27/Jul/2018 08:47:14] "GET / HTTP/1.0" 200 2787
[27/Jul/2018 10:04:24] "HEAD / HTTP/1.0" 200 2787
[27/Jul/2018 16:46:38] "GET / HTTP/1.1" 200 2787
[27/Jul/2018 16:46:39] "GET /static/css/bootstrap-theme.min.css HTTP/1.1" 200 19835
[27/Jul/2018 16:46:39] "GET /static/css/main.css HTTP/1.1" 200 204
[27/Jul/2018 16:46:39] "GET /static/js/vendor/modernizr-2.8.3-respond-1.4.2.min.js HTTP/1.1" 200 20106
[27/Jul/2018 16:46:39] "GET /static/css/bootstrap.min.css HTTP/1.1" 200 113498
Not Found: /{$ static 'js/main.js' %}
[27/Jul/2018 16:46:39] "GET /%7B$%20static%20'js/main.js'%20%%7D HTTP/1.1" 404 2285
[27/Jul/2018 16:46:39] "GET /static/js/vendor/bootstrap.min.js HTTP/1.1" 200 35601
[27/Jul/2018 16:46:46] "GET /%7B$%%20url%20'members:member_signup'%20%%7D HTTP/1.1" 200 4419
Not Found: /{$ static 'js/main.js' %}
[27/Jul/2018 16:46:46] "GET /%7B$%20static%20'js/main.js'%20%%7D HTTP/1.1" 404 2285
[27/Jul/2018 16:47:55] "POST /%7B$%%20url%20'members:member_signup'%20%%7D HTTP/1.1" 302 0
[27/Jul/2018 16:47:55] "GET /memberhome HTTP/1.1" 200 2138
Not Found: /{$ static 'js/main.js' %}
[27/Jul/2018 16:47:56] "GET /%7B$%20static%20'js/main.js'%20%%7D HTTP/1.1" 404 2285
[27/Jul/2018 16:48:06] "GET /membersubscribe HTTP/1.1" 302 0
[27/Jul/2018 16:48:06] "GET /memberhome HTTP/1.1" 200 2147
Not Found: /{$ static 'js/main.js' %}
[27/Jul/2018 16:48:06] "GET /%7B$%20static%20'js/main.js'%20%%7D HTTP/1.1" 404 2285
[27/Jul/2018 16:48:11] "GET /memberhome HTTP/1.1" 200 2147
Not Found: /{$ static 'js/main.js' %}
[27/Jul/2018 16:48:11] "GET /%7B$%20static%20'js/main.js'%20%%7D HTTP/1.1" 404 2285
Not Found: /{$ static 'js/main.js' %}
[27/Jul/2018 17:17:43] "GET /%7B$%20static%20'js/main.js'%20%%7D HTTP/1.1" 404 2285
[27/Jul/2018 17:30:56] "GET / HTTP/1.1" 200 2787
[27/Jul/2018 17:30:56] "GET /static/css/main.css HTTP/1.1" 200 204
[27/Jul/2018 17:30:56] "GET /static/js/vendor/modernizr-2.8.3-respond-1.4.2.min.js HTTP/1.1" 200 20106
[27/Jul/2018 17:30:56] "GET /static/css/bootstrap-theme.min.css HTTP/1.1" 200 19835
Not Found: /{$ static 'js/main.js' %}
[27/Jul/2018 17:30:56] "GET /%7B$%20static%20'js/main.js'%20%%7D HTTP/1.1" 404 2285
[27/Jul/2018 17:30:56] "GET /static/js/vendor/bootstrap.min.js HTTP/1.1" 200 35601
[27/Jul/2018 17:30:57] "GET /static/css/bootstrap.min.css HTTP/1.1" 200 113498
Not Found: /favicon.ico
[27/Jul/2018 17:30:58] "GET /favicon.ico HTTP/1.1" 404 2207
[27/Jul/2018 17:31:04] "GET /%7B$%%20url%20'members:member_signup'%20%%7D HTTP/1.1" 200 4419
Not Found: /{$ static 'js/main.js' %}
[27/Jul/2018 17:31:04] "GET /%7B$%20static%20'js/main.js'%20%%7D HTTP/1.1" 404 2285
[27/Jul/2018 17:31:51] "POST /%7B$%%20url%20'members:member_signup'%20%%7D HTTP/1.1" 302 0
[27/Jul/2018 17:31:52] "GET /memberhome HTTP/1.1" 200 2132
Not Found: /{$ static 'js/main.js' %}
[27/Jul/2018 17:31:53] "GET /%7B$%20static%20'js/main.js'%20%%7D HTTP/1.1" 404 2285
[27/Jul/2018 17:32:14] "GET /membersubscribe HTTP/1.1" 302 0
[27/Jul/2018 17:32:15] "GET /memberhome HTTP/1.1" 200 2141
Not Found: /{$ static 'js/main.js' %}
[27/Jul/2018 17:32:16] "GET /%7B$%20static%20'js/main.js'%20%%7D HTTP/1.1" 404 2285
[27/Jul/2018 17:33:36] "GET / HTTP/1.1" 302 0
[27/Jul/2018 17:33:37] "GET /memberhome HTTP/1.1" 200 2141
Not Found: /{$ static 'js/main.js' %}
[27/Jul/2018 17:33:37] "GET /%7B$%20static%20'js/main.js'%20%%7D HTTP/1.1" 404 2285
[27/Jul/2018 17:33:42] "GET /memberhome HTTP/1.1" 200 2141
Not Found: /{$ static 'js/main.js' %}
[27/Jul/2018 17:33:43] "GET /%7B$%20static%20'js/main.js'%20%%7D HTTP/1.1" 404 2285
[27/Jul/2018 19:16:38] "GET /memberhome HTTP/1.1" 200 2141
Not Found: /{$ static 'js/main.js' %}
[27/Jul/2018 19:16:40] "GET /%7B$%20static%20'js/main.js'%20%%7D HTTP/1.1" 404 2285
[27/Jul/2018 19:59:38] "GET /%7B$%%20url%20'members:member_signup'%20%%7D HTTP/1.1" 200 4419
[27/Jul/2018 19:59:39] "GET /static/css/main.css HTTP/1.1" 200 204
[27/Jul/2018 19:59:39] "GET /static/css/bootstrap-theme.min.css HTTP/1.1" 200 19835
[27/Jul/2018 19:59:39] "GET /static/js/vendor/modernizr-2.8.3-respond-1.4.2.min.js HTTP/1.1" 200 20106
[27/Jul/2018 19:59:39] "GET /static/css/bootstrap.min.css HTTP/1.1" 200 113498
[27/Jul/2018 19:59:39] "GET /static/js/vendor/bootstrap.min.js HTTP/1.1" 200 35601
Not Found: /{$ static 'js/main.js' %}
[27/Jul/2018 19:59:39] "GET /%7B$%20static%20'js/main.js'%20%%7D HTTP/1.1" 404 2285
[28/Jul/2018 06:16:06] "GET /%7B$%%20url%20'members:member_signup'%20%%7D HTTP/1.1" 200 4419
[28/Jul/2018 06:16:07] "GET /static/css/bootstrap-theme.min.css HTTP/1.1" 200 19835
[28/Jul/2018 06:16:07] "GET /static/css/main.css HTTP/1.1" 200 204
[28/Jul/2018 06:16:07] "GET /static/js/vendor/modernizr-2.8.3-respond-1.4.2.min.js HTTP/1.1" 200 20106
[28/Jul/2018 06:16:07] "GET /static/css/bootstrap.min.css HTTP/1.1" 200 113498
Not Found: /{$ static 'js/main.js' %}
[28/Jul/2018 06:16:07] "GET /%7B$%20static%20'js/main.js'%20%%7D HTTP/1.1" 404 2285
[28/Jul/2018 06:16:07] "GET /static/js/vendor/bootstrap.min.js HTTP/1.1" 200 35601
[28/Jul/2018 08:44:38] "GET / HTTP/1.1" 200 2787
[28/Jul/2018 13:06:11] "GET / HTTP/1.0" 200 2787
[28/Jul/2018 17:24:48] "GET /%7B$%%20url%20'members:member_signup'%20%%7D HTTP/1.1" 200 4419
[28/Jul/2018 17:24:48] "GET /static/css/bootstrap-theme.min.css HTTP/1.1" 200 19835
[28/Jul/2018 17:24:48] "GET /static/css/main.css HTTP/1.1" 200 204
[28/Jul/2018 17:24:48] "GET /static/js/vendor/modernizr-2.8.3-respond-1.4.2.min.js HTTP/1.1" 200 20106
[28/Jul/2018 17:24:48] "GET /static/css/bootstrap.min.css HTTP/1.1" 200 113498
Not Found: /{$ static 'js/main.js' %}
[28/Jul/2018 17:24:48] "GET /%7B$%20static%20'js/main.js'%20%%7D HTTP/1.1" 404 2285
[28/Jul/2018 17:24:48] "GET /static/js/vendor/bootstrap.min.js HTTP/1.1" 200 35601
[28/Jul/2018 22:41:50] "GET / HTTP/1.1" 200 2787
Not Found: /favicon.ico
[28/Jul/2018 22:41:50] "GET /favicon.ico HTTP/1.1" 404 2207
[30/Jul/2018 08:22:54] "GET / HTTP/1.0" 200 2787
[31/Jul/2018 07:43:11] "GET / HTTP/1.1" 200 2787
[31/Jul/2018 11:21:12] "GET / HTTP/1.1" 200 2787
[31/Jul/2018 21:13:07] "GET / HTTP/1.0" 200 2787
[01/Aug/2018 05:54:00] "GET / HTTP/1.1" 200 2787
[01/Aug/2018 07:39:21] code 400, message Bad HTTP/0.9 request type ('\x03\x00\x00+&à\x00\x00\x00\x00\x00Cookie:')
[01/Aug/2018 07:39:21] "  +&à     Cookie: mstshash=hello" 400 -
[02/Aug/2018 07:13:26] "GET / HTTP/1.0" 200 2787
[02/Aug/2018 08:21:22] "GET / HTTP/1.0" 200 2787
[02/Aug/2018 10:20:24] code 400, message Bad HTTP/0.9 request type ('\x03\x00\x00+&à\x00\x00\x00\x00\x00Cookie:')
[02/Aug/2018 10:20:24] "  +&à     Cookie: mstshash=hello" 400 -
[02/Aug/2018 11:08:53] "GET / HTTP/1.1" 200 2787
[02/Aug/2018 21:45:40] "GET /%7B$%%20url%20'members:member_signup'%20%%7D HTTP/1.1" 200 4419
[02/Aug/2018 21:45:42] "GET /static/css/main.css HTTP/1.1" 200 204
[02/Aug/2018 21:45:42] "GET /static/js/vendor/modernizr-2.8.3-respond-1.4.2.min.js HTTP/1.1" 200 20106
[02/Aug/2018 21:45:42] "GET /static/css/bootstrap-theme.min.css HTTP/1.1" 200 19835
[02/Aug/2018 21:45:42] "GET /static/css/bootstrap.min.css HTTP/1.1" 200 113498
Not Found: /{$ static 'js/main.js' %}
[02/Aug/2018 21:45:42] "GET /%7B$%20static%20'js/main.js'%20%%7D HTTP/1.1" 404 2285
[02/Aug/2018 21:45:42] "GET /static/js/vendor/bootstrap.min.js HTTP/1.1" 200 35601
[03/Aug/2018 07:39:50] "GET / HTTP/1.1" 200 2787
[03/Aug/2018 14:27:10] "GET / HTTP/1.0" 200 2787
[04/Aug/2018 04:54:18] code 400, message Bad HTTP/0.9 request type ('\x03\x00\x00+&à\x00\x00\x00\x00\x00Cookie:')
[04/Aug/2018 04:54:18] "  +&à     Cookie: mstshash=hello" 400 -
[04/Aug/2018 12:25:57] "GET / HTTP/1.0" 200 2787
[04/Aug/2018 15:59:45] "GET / HTTP/1.0" 200 2787
----------------------------------------
Exception happened during processing of request from ('66.111.57.20', 49057)
Traceback (most recent call last):
  File "/usr/lib64/python3.6/socketserver.py", line 639, in process_request_thread
    self.finish_request(request, client_address)
  File "/usr/lib64/python3.6/socketserver.py", line 361, in finish_request
    self.RequestHandlerClass(request, client_address, self)
  File "/usr/lib64/python3.6/socketserver.py", line 696, in __init__
    self.handle()
  File "/home/ec2-user/UnClique/venv/local/lib64/python3.6/site-packages/django/core/servers/basehttp.py", line 139, in handle
    self.raw_requestline = self.rfile.readline(65537)
  File "/usr/lib64/python3.6/socket.py", line 586, in readinto
    return self._sock.recv_into(b)
ConnectionResetError: [Errno 104] Connection reset by peer
----------------------------------------
[04/Aug/2018 22:51:02] code 400, message Bad HTTP/0.9 request type ('\x00\x00\x00')
[04/Aug/2018 22:51:02] "    c                           " 400 -
[04/Aug/2018 22:51:02] code 400, message Bad HTTP/0.9 request type ('\x00\x00\x00')
[04/Aug/2018 22:51:02] "    c                           " 400 -
[05/Aug/2018 00:00:36] "HEAD / HTTP/1.0" 200 2787
[05/Aug/2018 05:02:09] code 400, message Bad HTTP/0.9 request type ('\x00\x00\x00')
[05/Aug/2018 05:02:09] "    c                           " 400 -
----------------------------------------
Exception happened during processing of request from ('66.111.57.21', 56923)
Traceback (most recent call last):
  File "/usr/lib64/python3.6/socketserver.py", line 639, in process_request_thread
    self.finish_request(request, client_address)
  File "/usr/lib64/python3.6/socketserver.py", line 361, in finish_request
    self.RequestHandlerClass(request, client_address, self)
  File "/usr/lib64/python3.6/socketserver.py", line 696, in __init__
    self.handle()
  File "/home/ec2-user/UnClique/venv/local/lib64/python3.6/site-packages/django/core/servers/basehttp.py", line 139, in handle
    self.raw_requestline = self.rfile.readline(65537)
  File "/usr/lib64/python3.6/socket.py", line 586, in readinto
    return self._sock.recv_into(b)
ConnectionResetError: [Errno 104] Connection reset by peer
----------------------------------------
[05/Aug/2018 12:07:34] "GET / HTTP/1.0" 200 2787
[05/Aug/2018 18:39:53] "GET / HTTP/1.1" 200 2787
Not Found: /favicon.ico
[05/Aug/2018 18:39:53] "GET /favicon.ico HTTP/1.1" 404 2207
[05/Aug/2018 18:39:53] "GET / HTTP/1.1" 200 2787
[05/Aug/2018 18:39:53] "GET /static/js/vendor/modernizr-2.8.3-respond-1.4.2.min.js HTTP/1.1" 200 20106
Not Found: /{$ static 'js/main.js' %}
[05/Aug/2018 18:39:53] "GET /%7B$%20static%20'js/main.js'%20%%7D HTTP/1.1" 404 2285
[05/Aug/2018 18:39:53] "GET /static/css/bootstrap-theme.min.css HTTP/1.1" 200 19835
[05/Aug/2018 18:39:53] "GET /static/css/main.css HTTP/1.1" 200 204
[05/Aug/2018 18:39:53] "GET /static/js/vendor/bootstrap.min.js HTTP/1.1" 200 35601
[05/Aug/2018 18:39:53] "GET /static/css/bootstrap.min.css HTTP/1.1" 200 113498
[05/Aug/2018 19:23:43] "GET / HTTP/1.1" 200 2787
[05/Aug/2018 22:14:42] code 400, message Bad request syntax ('\x00\x00\x00TZ\x00\x00\x00\x00\x00\x00\x00\x00\x01\x00\x00\x04\x010I\x00\x00\x00\x00\x80\x0b¨À\x00\x0c)t F\x07\x00tsXrcsXYs9\x00\x00\x00\x00\x00\x00\x00\x00\x00\x00\x00\x00\x00\x00\x00\x00\x00\x00\x00\x00\x00\x00bbXcsXctst\x00\x00\x00\x00\x00\x00')
[05/Aug/2018 22:14:42] "   TZ          0I    ¨À )t F tsXrcsXYs9                      bbXcsXctst      " 400 -
[06/Aug/2018 01:30:52] "GET / HTTP/1.0" 200 2787
[06/Aug/2018 06:10:29] "GET / HTTP/1.0" 200 2787
[06/Aug/2018 08:21:57] code 400, message Bad HTTP/0.9 request type ('\x00\x00\x00')
[06/Aug/2018 08:21:57] "    c                           " 400 -
[06/Aug/2018 09:16:16] "GET / HTTP/1.0" 200 2787
[06/Aug/2018 09:37:05] code 400, message Bad HTTP/0.9 request type ('\x00\x00\x00')
[06/Aug/2018 09:37:05] "    c                           " 400 -
----------------------------------------
Exception happened during processing of request from ('185.92.73.85', 1701)
Traceback (most recent call last):
  File "/usr/lib64/python3.6/socketserver.py", line 639, in process_request_thread
    self.finish_request(request, client_address)
  File "/usr/lib64/python3.6/socketserver.py", line 361, in finish_request
    self.RequestHandlerClass(request, client_address, self)
  File "/usr/lib64/python3.6/socketserver.py", line 696, in __init__
    self.handle()
  File "/home/ec2-user/UnClique/venv/local/lib64/python3.6/site-packages/django/core/servers/basehttp.py", line 139, in handle
    self.raw_requestline = self.rfile.readline(65537)
  File "/usr/lib64/python3.6/socket.py", line 586, in readinto
    return self._sock.recv_into(b)
ConnectionResetError: [Errno 104] Connection reset by peer
----------------------------------------
[06/Aug/2018 14:17:48] code 400, message Bad HTTP/0.9 request type ('\x03\x00\x00*%à\x00\x00\x00\x00\x00Cookie:')
[06/Aug/2018 14:17:48] "  *%à     Cookie: mstshash=Test" 400 -
[06/Aug/2018 14:17:49] code 400, message Bad HTTP/0.9 request type ('\x03\x00\x00*%à\x00\x00\x00\x00\x00Cookie:')
[06/Aug/2018 14:17:49] "  *%à     Cookie: mstshash=Test" 400 -
[06/Aug/2018 15:58:43] "GET / HTTP/1.1" 200 2787
Not Found: /favicon.ico
[06/Aug/2018 15:58:44] "GET /favicon.ico HTTP/1.1" 404 2207
[06/Aug/2018 16:16:47] code 400, message Bad HTTP/0.9 request type ('\x16\x03\x01\x00Ï\x01\x00\x00Ë\x03\x03\x9aGý9(ëq\x81')
[06/Aug/2018 16:16:47] You're accessing the development server over HTTPS, but it only supports HTTP.

[06/Aug/2018 19:32:50] "GET / HTTP/1.0" 200 2787
[06/Aug/2018 21:13:34] code 400, message Bad HTTP/0.9 request type ('\x00\x00\x00')
[06/Aug/2018 21:13:34] "    c                           " 400 -
[07/Aug/2018 00:49:52] "GET / HTTP/1.0" 200 2787
[07/Aug/2018 11:56:36] "GET / HTTP/1.1" 200 2787
[07/Aug/2018 14:19:47] "GET / HTTP/1.1" 200 2787
Not Found: /manager/html
[07/Aug/2018 18:04:22] "GET /manager/html HTTP/1.1" 404 2210
[07/Aug/2018 18:04:23] code 400, message Bad HTTP/0.9 request type ('\x16\x03\x01\x00H\x01\x00\x00D\x03\x01[iß&\x19ðFÆË®%\x14;®BuÍ\x93_û\x8bU')
[07/Aug/2018 18:04:23] You're accessing the development server over HTTPS, but it only supports HTTP.

[07/Aug/2018 18:04:23] code 400, message Bad request syntax ("\x16\x03\x01\x00H\x01\x00\x00D\x03\x01[iß'\x80õÇJéÕÜåIe§'ó2Po¤ÖG&¦\x08*s§>cP\x00\x00\x16\x00\x04\x00\x05\x00")
[07/Aug/2018 18:04:23] You're accessing the development server over HTTPS, but it only supports HTTP.

[07/Aug/2018 20:52:47] code 400, message Bad HTTP/0.9 request type ('\x03\x00\x00/*à\x00\x00\x00\x00\x00Cookie:')
[07/Aug/2018 20:52:47] "  /*à     Cookie: mstshash=Administr" 400 -
[08/Aug/2018 03:45:44] code 400, message Bad HTTP/0.9 request type ('\x03\x00\x00+&à\x00\x00\x00\x00\x00Cookie:')
[08/Aug/2018 03:45:44] "  +&à     Cookie: mstshash=hello" 400 -
[08/Aug/2018 10:42:40] "GET / HTTP/1.0" 200 2787
[08/Aug/2018 16:22:00] "GET / HTTP/1.1" 200 2787
Not Found: /favicon.ico
[08/Aug/2018 16:22:02] "GET /favicon.ico HTTP/1.1" 404 2207
Not Found: /cgi/webcgi
[08/Aug/2018 18:08:47] "GET /cgi/webcgi HTTP/1.1" 404 2204
[08/Aug/2018 18:08:49] code 400, message Bad request version ('5\xad\x03~Ø¥\x00\x00<À,À')
[08/Aug/2018 18:08:49] You're accessing the development server over HTTPS, but it only supports HTTP.

[08/Aug/2018 18:18:38] "GET / HTTP/1.0" 200 2787
[09/Aug/2018 06:20:04] "GET / HTTP/1.0" 200 2787
[09/Aug/2018 10:11:41] "GET / HTTP/1.0" 200 2787
[09/Aug/2018 12:20:17] code 400, message Bad HTTP/0.9 request type ('\x03\x00\x00/*à\x00\x00\x00\x00\x00Cookie:')
[09/Aug/2018 12:20:17] "  /*à     Cookie: mstshash=Administr" 400 -
[10/Aug/2018 00:21:42] "GET / HTTP/1.1" 200 2787
[10/Aug/2018 13:05:36] code 400, message Bad request syntax ('\x00\x00\x00TZ\x00\x00\x00\x00\x00\x00\x00\x00\x01\x00\x00\x04\x010I\x00\x00\x00\x00\x80\x0b¨À\x00\x0c)t F\x07\x00tsXrcsXYs9\x00\x00\x00\x00\x00\x00\x00\x00\x00\x00\x00\x00\x00\x00\x00\x00\x00\x00\x00\x00\x00\x00bbXcsXctst\x00\x00\x00\x00\x00\x00')
[10/Aug/2018 13:05:36] "   TZ          0I    ¨À )t F tsXrcsXYs9                      bbXcsXctst      " 400 -
[10/Aug/2018 18:33:51] "GET / HTTP/1.1" 200 2787
[11/Aug/2018 00:50:52] "GET / HTTP/1.0" 200 2787
Performing system checks...

System check identified no issues (0 silenced).
July 08, 2018 - 23:04:59
Django version 2.0.6, using settings 'UnClique.settings'
Starting development server at http://0.0.0.0:8000/
Quit the server with CONTROL-C.
[{'id': 6, 'subscribed': True, 'user': 6, 'first_name': 'Danea', 'last_name': 'Manson', 'preferred_name': 'Danea', 'major': 'ChemE', 'classification': 'fourth', 'email': 'danea.manson@gmail.com', 'current_match_email': None, 'secondary_match_email': None}, {'id': 4, 'subscribed': True, 'user': 4, 'first_name': 'John', 'last_name': 'Butler', 'preferred_name': 'JB', 'major': 'Civil Engineering', 'classification': 'third', 'email': 'john.butler3@gatech.edu', 'current_match_email': None, 'secondary_match_email': None}, {'id': 2, 'subscribed': True, 'user': 2, 'first_name': 'Leah', 'last_name': 'Miller', 'preferred_name': 'Leah', 'major': 'Business Administration', 'classification': 'fourth', 'email': 'l.miller.lkq@gmail.com', 'current_match_email': None, 'secondary_match_email': None}]







[({'id': 4, 'subscribed': True, 'user': 4, 'first_name': 'John', 'last_name': 'Butler', 'preferred_name': 'JB', 'major': 'Civil Engineering', 'classification': 'third', 'email': 'john.butler3@gatech.edu', 'current_match_email': None, 'secondary_match_email': None}, {'id': 2, 'subscribed': True, 'user': 2, 'first_name': 'Leah', 'last_name': 'Miller', 'preferred_name': 'Leah', 'major': 'Business Administration', 'classification': 'fourth', 'email': 'l.miller.lkq@gmail.com', 'current_match_email': None, 'secondary_match_email': None}, {'id': 6, 'subscribed': True, 'user': 6, 'first_name': 'Danea', 'last_name': 'Manson', 'preferred_name': 'Danea', 'major': 'ChemE', 'classification': 'fourth', 'email': 'danea.manson@gmail.com', 'current_match_email': None, 'secondary_match_email': None})]







[{'id': 6, 'subscribed': True, 'user': 6, 'first_name': 'Danea', 'last_name': 'Manson', 'preferred_name': 'Danea', 'major': 'ChemE', 'classification': 'fourth', 'email': 'danea.manson@gmail.com', 'current_match_email': None, 'secondary_match_email': None}, {'id': 4, 'subscribed': True, 'user': 4, 'first_name': 'John', 'last_name': 'Butler', 'preferred_name': 'JB', 'major': 'Civil Engineering', 'classification': 'third', 'email': 'john.butler3@gatech.edu', 'current_match_email': None, 'secondary_match_email': None}]







[({'id': 4, 'subscribed': True, 'user': 4, 'first_name': 'John', 'last_name': 'Butler', 'preferred_name': 'JB', 'major': 'Civil Engineering', 'classification': 'third', 'email': 'john.butler3@gatech.edu', 'current_match_email': None, 'secondary_match_email': None}, {'id': 6, 'subscribed': True, 'user': 6, 'first_name': 'Danea', 'last_name': 'Manson', 'preferred_name': 'Danea', 'major': 'ChemE', 'classification': 'fourth', 'email': 'danea.manson@gmail.com', 'current_match_email': None, 'secondary_match_email': None})]







Traceback (most recent call last):
  File "manage.py", line 15, in <module>
    execute_from_command_line(sys.argv)
  File "/home/ec2-user/UnClique/venv/local/lib64/python3.6/site-packages/django/core/management/__init__.py", line 371, in execute_from_command_line
    utility.execute()
  File "/home/ec2-user/UnClique/venv/local/lib64/python3.6/site-packages/django/core/management/__init__.py", line 317, in execute
    settings.INSTALLED_APPS
  File "/home/ec2-user/UnClique/venv/local/lib64/python3.6/site-packages/django/conf/__init__.py", line 56, in __getattr__
    self._setup(name)
  File "/home/ec2-user/UnClique/venv/local/lib64/python3.6/site-packages/django/conf/__init__.py", line 43, in _setup
    self._wrapped = Settings(settings_module)
  File "/home/ec2-user/UnClique/venv/local/lib64/python3.6/site-packages/django/conf/__init__.py", line 106, in __init__
    mod = importlib.import_module(self.SETTINGS_MODULE)
  File "/home/ec2-user/UnClique/venv/lib64/python3.6/importlib/__init__.py", line 126, in import_module
    return _bootstrap._gcd_import(name[level:], package, level)
  File "<frozen importlib._bootstrap>", line 994, in _gcd_import
  File "<frozen importlib._bootstrap>", line 971, in _find_and_load
  File "<frozen importlib._bootstrap>", line 955, in _find_and_load_unlocked
  File "<frozen importlib._bootstrap>", line 665, in _load_unlocked
  File "<frozen importlib._bootstrap_external>", line 678, in exec_module
  File "<frozen importlib._bootstrap>", line 219, in _call_with_frames_removed
  File "/home/ec2-user/UnClique/UnClique/UnClique/settings.py", line 30, in <module>
    import requests
ModuleNotFoundError: No module named 'requests'
